drivers\filters\beep\beep.c
drivers\filters\beep\beep.h
drivers\filters\beep\pnp.c
drivers\filters\beep\redirect.c
drivers\filters\beep\sdv\check\forwardedatbadirql\slic_externs.h
drivers\filters\beep\sdv\check\irqlapclte\irqlapclte.h
drivers\filters\beep\sdv\check\irqlapclte\slic_externs.h
drivers\filters\beep\sdv\check\irqldispatch\irqldispatch.h
drivers\filters\beep\sdv\check\irqldispatch\slic_externs.h
drivers\filters\beep\sdv\check\irqlexallocatepool\irqlexallocatepool.h
drivers\filters\beep\sdv\check\irqlexallocatepool\slic_externs.h
drivers\filters\beep\sdv\check\irqlexapclte1\irqlexapclte1.h
drivers\filters\beep\sdv\check\irqlexapclte1\slic_externs.h
drivers\filters\beep\sdv\check\irqlexapclte2\irqlexapclte2.h
drivers\filters\beep\sdv\check\irqlexapclte2\slic_externs.h
drivers\filters\beep\sdv\check\irqlexapclte3\irqlexapclte3.h
drivers\filters\beep\sdv\check\irqlexapclte3\slic_externs.h
drivers\filters\beep\sdv\check\irqlexapclteinline\irqlexapclteinline.h
drivers\filters\beep\sdv\check\irqlexapclteinline\slic_externs.h
drivers\filters\beep\sdv\check\irqlexpassive\irqlexpassive.h
drivers\filters\beep\sdv\check\irqlexpassive\slic_externs.h
drivers\filters\beep\sdv\check\irqlioapclte\irqlioapclte.h
drivers\filters\beep\sdv\check\irqlioapclte\slic_externs.h
drivers\filters\beep\sdv\check\irqliodispatch\irqliodispatch.h
drivers\filters\beep\sdv\check\irqliodispatch\slic_externs.h
drivers\filters\beep\sdv\check\irqliopassive1\irqliopassive1.h
drivers\filters\beep\sdv\check\irqliopassive1\slic_externs.h
drivers\filters\beep\sdv\check\irqliopassive2\irqliopassive2.h
drivers\filters\beep\sdv\check\irqliopassive2\slic_externs.h
drivers\filters\beep\sdv\check\irqliopassive3\irqliopassive3.h
drivers\filters\beep\sdv\check\irqliopassive3\slic_externs.h
drivers\filters\beep\sdv\check\irqliopassive4\irqliopassive4.h
drivers\filters\beep\sdv\check\irqliopassive4\slic_externs.h
drivers\filters\beep\sdv\check\irqliopassive5\irqliopassive5.h
drivers\filters\beep\sdv\check\irqliopassive5\slic_externs.h
drivers\filters\beep\sdv\check\irqlkeapclte1\irqlkeapclte1.h
drivers\filters\beep\sdv\check\irqlkeapclte1\slic_externs.h
drivers\filters\beep\sdv\check\irqlkeapclte2\irqlkeapclte2.h
drivers\filters\beep\sdv\check\irqlkeapclte2\slic_externs.h
drivers\filters\beep\sdv\check\irqlkedispatchlte\irqlkedispatchlte.h
drivers\filters\beep\sdv\check\irqlkedispatchlte\slic_externs.h
drivers\filters\beep\sdv\check\irqlkeraiselower\irqlkeraiselower.h
drivers\filters\beep\sdv\check\irqlkeraiselower\slic_externs.h
drivers\filters\beep\sdv\check\irqlkeraiselower2\irqlkeraiselower2.h
drivers\filters\beep\sdv\check\irqlkeraiselower2\slic_externs.h
drivers\filters\beep\sdv\check\irqlkereleasespinlock\irqlkereleasespinlock.h
drivers\filters\beep\sdv\check\irqlkereleasespinlock\slic_externs.h
drivers\filters\beep\sdv\check\irqlkesetevent\slic_externs.h
drivers\filters\beep\sdv\check\irqlkewaitformultipleobjects\irqlkewaitformultipleobjects.h
drivers\filters\beep\sdv\check\irqlkewaitformultipleobjects\slic_externs.h
drivers\filters\beep\sdv\check\irqlkewaitformutexobject\irqlkewaitformutexobject.h
drivers\filters\beep\sdv\check\irqlkewaitformutexobject\slic_externs.h
drivers\filters\beep\sdv\check\irqlmmapclte\irqlmmapclte.h
drivers\filters\beep\sdv\check\irqlmmapclte\slic_externs.h
drivers\filters\beep\sdv\check\irqlmmdispatch\irqlmmdispatch.h
drivers\filters\beep\sdv\check\irqlmmdispatch\slic_externs.h
drivers\filters\beep\sdv\check\irqlobpassive\irqlobpassive.h
drivers\filters\beep\sdv\check\irqlobpassive\slic_externs.h
drivers\filters\beep\sdv\check\irqlpspassive\irqlpspassive.h
drivers\filters\beep\sdv\check\irqlpspassive\slic_externs.h
drivers\filters\beep\sdv\check\irqlreturn\slic_externs.h
drivers\filters\beep\sdv\check\irqlrtlapc\irqlrtlapc.h
drivers\filters\beep\sdv\check\irqlrtlpassive\irqlrtlpassive.h
drivers\filters\beep\sdv\check\irqlrtlpassive\slic_externs.h
drivers\filters\beep\sdv\check\irqlrtlpassive2\irqlrtlpassive2.h
drivers\filters\beep\sdv\check\irqlzwpassive\irqlzwpassive.h
drivers\filters\beep\sdv\check\irqlzwpassive\slic_externs.h
drivers\filters\beep\sdv\rules\wdm\irqlapclte.h
drivers\filters\beep\sdv\rules\wdm\irqldispatch.h
drivers\filters\beep\sdv\rules\wdm\irqlexallocatepool.h
drivers\filters\beep\sdv\rules\wdm\irqlexapclte1.h
drivers\filters\beep\sdv\rules\wdm\irqlexapclte2.h
drivers\filters\beep\sdv\rules\wdm\irqlexapclte3.h
drivers\filters\beep\sdv\rules\wdm\irqlexapclteinline.h
drivers\filters\beep\sdv\rules\wdm\irqlexpassive.h
drivers\filters\beep\sdv\rules\wdm\irqlioapclte.h
drivers\filters\beep\sdv\rules\wdm\irqliodispatch.h
drivers\filters\beep\sdv\rules\wdm\irqliopassive1.h
drivers\filters\beep\sdv\rules\wdm\irqliopassive2.h
drivers\filters\beep\sdv\rules\wdm\irqliopassive3.h
drivers\filters\beep\sdv\rules\wdm\irqliopassive4.h
drivers\filters\beep\sdv\rules\wdm\irqliopassive5.h
drivers\filters\beep\sdv\rules\wdm\irqlkeapclte1.h
drivers\filters\beep\sdv\rules\wdm\irqlkeapclte2.h
drivers\filters\beep\sdv\rules\wdm\irqlkedispatchlte.h
drivers\filters\beep\sdv\rules\wdm\irqlkeraiselower.h
drivers\filters\beep\sdv\rules\wdm\irqlkeraiselower2.h
drivers\filters\beep\sdv\rules\wdm\irqlkereleasespinlock.h
drivers\filters\beep\sdv\rules\wdm\irqlkewaitformultipleobjects.h
drivers\filters\beep\sdv\rules\wdm\irqlkewaitformutexobject.h
drivers\filters\beep\sdv\rules\wdm\irqlmmapclte.h
drivers\filters\beep\sdv\rules\wdm\irqlmmdispatch.h
drivers\filters\beep\sdv\rules\wdm\irqlobpassive.h
drivers\filters\beep\sdv\rules\wdm\irqlpspassive.h
drivers\filters\beep\sdv\rules\wdm\irqlrtlapc.h
drivers\filters\beep\sdv\rules\wdm\irqlrtlpassive.h
drivers\filters\beep\sdv\rules\wdm\irqlrtlpassive2.h
drivers\filters\beep\sdv\rules\wdm\irqlzwpassive.h
drivers\filters\beep\sdv\sdv-harness.c
drivers\gpio\client\intel\medfield\gpiopnw\GpioPnwM.c
drivers\input\HID\miniports\buttonconverter\test\sys\vbutton.c
drivers\input\HID\miniports\buttonconverter\test\sys\vbutton.h
drivers\input\HID\miniports\hidir\hid.c
drivers\input\HID\miniports\hidir\hidir.c
drivers\input\HID\miniports\hidir\hidir.h
drivers\input\HID\miniports\hidir\HidIrWake.c
drivers\input\HID\samples\hidstress\hidclient\driver.h
drivers\input\HID\samples\hidstress\sys\vhidmini.c
drivers\input\HID\samples\hidstress\sys\vhidmini.h
drivers\input\keyboard\kbfiltr\wdm\kbfiltr.c
drivers\input\keyboard\kbfiltr\wdm\kbfiltr.h
drivers\input\mouse\moufiltr\wdm\moufiltr.c
drivers\input\mouse\moufiltr\wdm\moufiltr.h
drivers\input\ps2\pl050\hook.c
drivers\input\ps2\pl050\kbdcmn.c
drivers\input\ps2\pl050\kbdpnp.c
drivers\input\ps2\pl050\moucmn.c
drivers\input\ps2\pl050\moudep.c
drivers\input\ps2\pl050\moupnp.c
drivers\input\ps2\pl050\pl050cfg.h
drivers\input\ps2\pl050\pl050cmn.c
drivers\input\ps2\pl050\pl050dep.c
drivers\input\ps2\pl050\pl050prt.h
drivers\input\ps2\pl050\pnp.c
drivers\input\ps2\pl050\sysbtn.c
drivers\input\ps2\twotrack\sys\getevent.c
drivers\input\ps2\twotrack\sys\moucmd.c
drivers\input\ps2\twotrack\sys\twotrack.c
drivers\input\ps2\twotrack\sys\twotrack.h
drivers\input\ps2\twotrack\user\tp4mon\ioctrl.h
drivers\ksfilter\tests\avshws\device.h
drivers\ksfilter\tests\avshws\hwsim.cpp
drivers\ksfilter\tests\shed\shedKsHelper\kshelper.c
drivers\MobilePC\Sensors\Drivers\AlsFilter\alsfilter.h
drivers\MobilePC\Sensors\Drivers\AlsFilter\driver.c
drivers\MobilePC\Sensors\Samples\ADXL345Acc\Driver\device.cpp
drivers\MobilePC\Sensors\test\sensmutt\SensMuttFlt\sys\device.c
drivers\MobilePC\Sensors\test\sensmutt\SensMuttFlt\sys\filter.h
drivers\multi-transport\bus\CompositeBus.c
drivers\multi-transport\bus\CompositeBus.h
drivers\net\irda\sigmatel\irstusb\sys\diags.c
drivers\net\irda\sigmatel\irstusb\sys\hwio.c
drivers\net\irda\sigmatel\irstusb\sys\ircommon.h
drivers\net\irda\sigmatel\irstusb\sys\irusb.c
drivers\net\irda\sigmatel\irstusb\sys\openclos.c
drivers\net\irda\sigmatel\irstusb\sys\receive.c
drivers\net\irda\sigmatel\irstusb\sys\rwir.c
drivers\net\irda\sigmatel\irstusb\sys\send.c
drivers\net\irda\via\sys\COMM.C
drivers\net\irda\via\sys\dmautil.c
drivers\net\irda\via\sys\EXTERNS.H
drivers\net\irda\via\sys\irql.c
drivers\net\irda\via\sys\RESOURCE.C
drivers\net\irda\via\sys\VIA.C
drivers\net\irda\via\sys\VIAFIR.C
drivers\net\netcard\intel\e576\e576_cmn.h
drivers\net\netcard\intel\e576\e576_init.c
drivers\net\netcard\intel\e576\e576_intr.c
drivers\net\netcard\intel\e576\e576_ndis.c
drivers\net\netcard\intel\e576\e576_recv.c
drivers\net\netcard\intel\e576\e576_send.c
drivers\net\netcard\intel\e576\pf\e576pf_core.c
drivers\net\netcard\intel\e576\pf\e576pf_iov.c
drivers\net\netcard\intel\e576\pf\e576pf_vmq.c
drivers\net\netcard\realtek\rteth\src\adapter.cpp
drivers\net\netcard\realtek\rteth\src\adapter.h
drivers\net\netcard\realtek\rteth\src\link.cpp
drivers\net\netcard\realtek\rteth\src\oid.cpp
drivers\net\netcard\realtek\rteth\src\power.cpp
drivers\net\netcard\realtek\rteth\src\rxqueue.cpp
drivers\net\netcard\realtek\rteth\src\txqueue.cpp
drivers\published\internal\inc\rt.h
drivers\serial\ser101\immediat.c
drivers\serial\ser101\initunlo.c
drivers\serial\ser101\ioctl.c
drivers\serial\ser101\legacy.c
drivers\serial\ser101\modmflow.c
drivers\serial\ser101\openclos.c
drivers\serial\ser101\pnp.c
drivers\serial\ser101\purge.c
drivers\serial\ser101\read.c
drivers\serial\ser101\serial.h
drivers\serial\ser101\serialp.h
drivers\serial\ser101\utils.c
drivers\serial\ser101\waitmask.c
drivers\serial\ser101\write.c
drivers\serial\ser71051\immediat.c
drivers\serial\ser71051\initunlo.c
drivers\serial\ser71051\ioctl.c
drivers\serial\ser71051\legacy.c
drivers\serial\ser71051\modmflow.c
drivers\serial\ser71051\openclos.c
drivers\serial\ser71051\pnp.c
drivers\serial\ser71051\purge.c
drivers\serial\ser71051\read.c
drivers\serial\ser71051\serial.h
drivers\serial\ser71051\serialp.h
drivers\serial\ser71051\utils.c
drivers\serial\ser71051\waitmask.c
drivers\serial\ser71051\write.c
drivers\serial\sercx\uart16550pc\device.cpp
drivers\serial\sercx\uart16550pc\device.h
drivers\serial\sercx\uart16550pc\ioctls.cpp
drivers\serial\sercx\uart16550pc\isr.cpp
drivers\serial\sercx\uart16550pc\regfile.cpp
drivers\serial\sercx\uart16550pc\regfile.h
drivers\serial\sercx\uart16550pc\uart16550pc.cpp
drivers\serial\sercx\uart16550tegra\device.cpp
drivers\serial\sercx\uart16550tegra\device.h
drivers\serial\sercx\uart16550tegra\ioctls.cpp
drivers\serial\sercx\uart16550tegra\isr.cpp
drivers\serial\sercx\uart16550tegra\regfile.cpp
drivers\serial\sercx\uart16550tegra\regfile.h
drivers\serial\sercx\uart16550tegra\uart16550pc.cpp
drivers\serial\sercx2\uartclass\device.cpp
drivers\serial\sercx2\uartclass\device.h
drivers\serial\sercx2\uartclass\ioctl.cpp
drivers\serial\sercx2\uartclass\power.cpp
drivers\serial\sercx2\uartclass\receive.cpp
drivers\serial\sercx2\uartclass\regfile.cpp
drivers\serial\sercx2\uartclass\regfile.h
drivers\serial\sercx2\uartclass\regutils.cpp
drivers\serial\sercx2\uartclass\transmit.cpp
drivers\serial\sercx2\uartclass\uartclass.cpp
drivers\serial\sercx2tests\hck\UARTTestDriver\device.cpp
drivers\serial\sercx2tests\hck\UARTTestDriver\UartTest.h
drivers\serial\sercx2tests\internal\harness\CSerCx2Test.cpp
drivers\serial\sercx2tests\internal\uartnvtest\custom.cpp
drivers\serial\sercx2tests\internal\uartnvtest\CustomTransactionStateMachine_AutoGen.h
drivers\serial\sercx2tests\internal\uartnvtest\device.cpp
drivers\serial\sercx2tests\internal\uartnvtest\device.h
drivers\serial\sercx2tests\internal\uartnvtest\ioctl.cpp
drivers\serial\sercx2tests\internal\uartnvtest\power.cpp
drivers\serial\sercx2tests\internal\uartnvtest\receive.cpp
drivers\serial\sercx2tests\internal\uartnvtest\regfile.cpp
drivers\serial\sercx2tests\internal\uartnvtest\regfile.h
drivers\serial\sercx2tests\internal\uartnvtest\regutils.cpp
drivers\serial\sercx2tests\internal\uartnvtest\transmit.cpp
drivers\serial\sercx2tests\internal\uartnvtest\uartnvda.cpp
drivers\serial\sercx2tests\internal\uartnvtest\uartnvtest.cpp
drivers\serial\sercx2tests\internal\uartnvtest\uartnvtest.h
drivers\serial\sercx2tests\lib\uartcore\CPeripheralTestDevice.cpp
drivers\serial\sercx2tests\lib\uartcore\CPeripheralTestDevice.h
drivers\serial\serenum_sample\enum.c
drivers\serial\serenum_sample\log.c
drivers\serial\serenum_sample\pnp.c
drivers\serial\serenum_sample\serenum.c
drivers\serial\serenum_sample\serenum.h
drivers\serial\serialnetdebug\control.c
drivers\serial\serialnetdebug\network.c
drivers\serial\serialnetdebug\serialread.c
drivers\serial\serialnetdebug\serialwrite.c
drivers\serial\usbser\defines.h
drivers\serial\usbser\read.c
drivers\serial\usbser\serioctl.c
drivers\serial\usbser\usbser.c
drivers\serial\usbser\usbser.h
drivers\serial\usbser\usbserpw.c
drivers\serial\usbser\utils.c
drivers\serial\usbser\utils.h
drivers\serial\usbser\write.c
drivers\smartcrd\inc\smclib.h
drivers\smartcrd\inc\smcnt.h
drivers\smartcrd\pscr\pscrcb.c
drivers\smartcrd\pscr\pscrnt.c
drivers\smartcrd\sim\SmartReaders\USBReader.cpp
drivers\smartcrd\smclib\smcioctl.c
drivers\smartcrd\smclib\smcnt.c
drivers\smartcrd\smclib\smcutil.c
drivers\SPB\bus\RPi2\auxspi\device.cpp
drivers\SPB\bus\RPi2\auxspi\device.h
drivers\SPB\bus\RPi2\auxspi\driver.cpp
drivers\SPB\bus\RPi2\auxspi\driver.h
drivers\SPB\bus\RPi2\auxspi\internal.h
drivers\SPB\bus\RPi2\i2c\device.cpp
drivers\SPB\bus\RPi2\i2c\driver.cpp
drivers\SPB\bus\RPi2\i2c\driver.h
drivers\SPB\bus\RPi2\spi\device.cpp
drivers\SPB\bus\RPi2\spi\device.h
drivers\SPB\bus\RPi2\spi\driver.cpp
drivers\SPB\bus\RPi2\spi\driver.h
drivers\SPB\bus\RPi2\spi\internal.h
drivers\SPB\bus\skeleton\i2c\device.cpp
drivers\SPB\bus\skeleton\i2c\device.h
drivers\SPB\bus\skeleton\i2c\driver.cpp
drivers\SPB\bus\skeleton\i2c\internal.h
drivers\SPB\bus\tegra2\i2c\device.cpp
drivers\SPB\bus\tegra2\i2c\driver.cpp
drivers\SPB\bus\tegra2\i2c\internal.h
drivers\SPB\tests\HIDI2C\Automation\HIDI2CCtrlSim\driver.cpp
drivers\SPB\tests\include\public.h
drivers\SPB\tests\SPBControllerTest\I2C\ControllerSim\driver.cpp
drivers\SPB\tests\SPBControllerTest\I2C\ControllerSim\internal.h
drivers\SPB\tests\SPBCxTestDriver\device.cpp
drivers\SPB\tests\SPBCxTestDriver\driver.cpp
drivers\SPB\tests\SPBCxTestDriver\internal.h
drivers\SPB\tests\SPBCxTestDriver\SpbCxTestDriverDDITests.cpp
drivers\SPB\tests\SPBCxTestLib\helper\SPBCxTestHelper.cpp
drivers\SPB\tests\SPBCxTestLib\SanAndreas\SanAndreas.CPP
drivers\SPB\tests\SPBCxTests\DDITest\SPBCxDDITests.cpp
drivers\SPB\tests\SPBCxTests\DDITest\SPBCxDDITests.h
drivers\SPB\unittests\spbcxload\driver.c
drivers\SPB\unittests\spbcxtest\sys\device.cpp
drivers\SPB\unittests\spbcxtest\sys\driver.cpp
drivers\SPB\unittests\spbcxtest\sys\internal.h
drivers\storage\crcfilter\crc.c
drivers\storage\crcfilter\device.h
drivers\storage\crcfilter\filter.c
drivers\storage\crcfilter\memory.c
drivers\storage\crcfilter\util.c
drivers\storage\crcfilter\util.h
drivers\storage\enhancedstorage\Drivers\EhStorClass\DataIo.c
drivers\storage\enhancedstorage\Drivers\EhStorClass\EhStorClass.h
drivers\storage\enhancedstorage\Drivers\EhStorClass\FilterDevice.c
drivers\storage\enhancedstorage\Drivers\EhStorClass\Ioctl.c
drivers\storage\enhancedstorage\Drivers\EhStorClass\Tracing.c
drivers\storage\enhancedstorage\Drivers\EhStorTcgDrv\Ioctl.c
drivers\storage\ftlfilter\cache.c
drivers\storage\ftlfilter\ftl.c
drivers\storage\ftlfilter\ftl.h
drivers\storage\ftlfilter\garbage.c
drivers\storage\ftlfilter\obsolete.c
drivers\storage\ftlfilter\srb.c
drivers\storage\ftlfilter\streaming.c
drivers\storage\ftlfilter\util.c
drivers\storage\ftlfilter\util.h
drivers\storage\kdext\sbp2kdx\sbp2kdx.c
drivers\storage\kdext\scsikd\scsikd.c
drivers\storage\kdext\uaspkd\uaspkd.h
drivers\storage\mcd\class\mcd.c
drivers\storage\port\pddk\dispatch.c
drivers\storage\port\pddk\passthru.c
drivers\storage\port\pddk\pl.h
drivers\storage\port\pddk\portlib.c
drivers\storage\port\pddk\portlib.h
drivers\storage\port\pddk\power.c
drivers\storage\port\raid\test\raidport.h
drivers\storage\port\raid\unittest\storport_unittest.c
drivers\storage\port\VirtualStorage\driver\ACache.cpp
drivers\storage\port\VirtualStorage\driver\ACache.h
drivers\storage\port\VirtualStorage\driver\List.cpp
drivers\storage\port\VirtualStorage\driver\List.h
drivers\storage\port\VirtualStorage\driver\Tree.cpp
drivers\storage\port\VirtualStorage\driver\Tree.h
drivers\storage\port\VirtualStorage\driver\VCache.cpp
drivers\storage\port\VirtualStorage\driver\VCache.h
drivers\storage\port\VirtualStorage\FCacheLib\FCacheLibK.cpp
drivers\storage\scsiport\enable.c
drivers\storage\scsiport\enum.c
drivers\storage\scsiport\init.c
drivers\storage\scsiport\internal.c
drivers\storage\scsiport\lock.c
drivers\storage\scsiport\pdo.c
drivers\storage\scsiport\pnp.c
drivers\storage\scsiport\port.h
drivers\storage\scsiport\power.c
drivers\storage\scsiport\prop.c
drivers\storage\scsiport\remove.c
drivers\storage\scsiport\utils.c
drivers\storage\scsiport\wmi.c
drivers\storage\scsiprnt\pnp.c
drivers\storage\scsiprnt\print.c
drivers\storage\scsiprnt\printpnp.h
drivers\storage\sffdisk\class\ioctl.c
drivers\storage\sffdisk\protocol\mmc\media.c
drivers\storage\sffdisk\protocol\mmc\PnpPower.c
drivers\storage\sffdisk\protocol\mmc\ReadWrite.c
drivers\storage\sffdisk\protocol\mmc\sffp_mmc.h
drivers\storage\sffdisk\protocol\sd\media.c
drivers\storage\sffdisk\protocol\sd\PnpPower.c
drivers\storage\sffdisk\protocol\sd\ReadWrite.c
drivers\storage\sffdisk\protocol\sd\sffp_sd.h
drivers\storage\tape\class\tape.c
drivers\storage\tape\class\tape.h
drivers\storage\tests\classpnp\QueryPropertyFilter\QueryPropertyFilter.c
drivers\storage\tests\classpnp\ScsiIrpTestFilter\reg.c
drivers\storage\tests\classpnp\ScsiIrpTestFilter\ScsiIrpTestFilter.c
drivers\storage\tests\classpnp\SenseInjectFilter\SenseInjectFilter.c
drivers\storage\tests\classpnp\storacpifilter\storacpifilter.c
drivers\storage\tests\common\filterdrivers\ClassPnpLowerFilter\ClassPnpLowerFilter.c
drivers\storage\tests\common\filterdrivers\DeepSpace\src\ActionEngine.cpp
drivers\storage\tests\common\filterdrivers\DeepSpace\src\RequestNodeStore.cpp
drivers\storage\tests\common\filterdrivers\DeepSpace\src\RequestNodeStore.h
drivers\storage\tests\crashdump\driver\bugcheck.c
drivers\storage\tests\shims\coretestshim\kernel\completionqueues.cpp
drivers\storage\tests\shims\coretestshim\kernel\dispatchqueues.cpp
drivers\storage\tests\shims\coretestshim\kernel\enclosure.cpp
drivers\storage\tests\shims\coretestshim\kernel\hookedApi.cpp
drivers\storage\tests\shims\coretestshim\kernel\testcase.cpp
drivers\storage\tests\shims\pulldriveshim\kernel\hookedApi.cpp
drivers\storage\tests\shims\stornvmeshim\kernel\admincmdcomplete.cpp
drivers\storage\tests\shims\stornvmeshim\kernel\admincmdsubmit.cpp
drivers\storage\tests\shims\stornvmeshim\kernel\hookedApi.cpp
drivers\storage\tests\shims\stornvmeshim\kernel\nvmeshim.cpp
drivers\storage\tests\shims\stornvmeshim\kernel\shimdata.h
drivers\storage\tests\shims\storportshimlib\dictionary.c
drivers\storage\tests\shims\storportshimlib\lbaranges.h
drivers\storage\tests\shims\storportshimlib\notification.c
drivers\storage\tests\shims\storportshimlib\storportshimlib.h
drivers\storage\tests\storhba\common\util.cpp
drivers\storage\tests\storhba\driver\completion.c
drivers\storage\tests\storhba\driver\deferred.c
drivers\storage\tests\storhba\driver\init.c
drivers\storage\tests\storhba\driver\ioworker.c
drivers\storage\tests\storhba\driver\power.c
drivers\storage\tests\storhba\driver\presets.c
drivers\storage\tests\storhba\driver\presets.h
drivers\storage\tests\storhba\driver\srbfunc.c
drivers\storage\tests\storhba\driver\test.c
drivers\storage\tests\storhba\driver\test.h
drivers\storage\tests\storhba\driver\topology.c
drivers\storage\tests\storhba\driver\util.c
drivers\storage\tests\storhba\driver\wmi.c
drivers\storage\tests\storhba\inc\defines.h
drivers\storage\tests\storhba\inc\storport_win7.h
drivers\storage\tests\storhba\inc\structs.h
drivers\storage\tests\USB3.0\FaultInjection\driver\bot.c
drivers\storage\tests\USB3.0\FaultInjection\driver\reg.c
drivers\storage\tests\USB3.0\FaultInjection\driver\reg.h
drivers\storage\tests\USB3.0\FaultInjection\driver\scenario.c
drivers\storage\tests\USB3.0\FaultInjection\driver\usbfif.c
drivers\storage\tools\scsi\target\pnp.c
drivers\storage\wrtcache\debug.c
drivers\storage\wrtcache\pnp.c
drivers\storage\wrtcache\workitem.c
drivers\storage\wrtcache\wrtcache.h
drivers\tablet\drivers\HBtnKey\hbtnkey.c
drivers\tablet\drivers\HBtnKey\hidbtn.c
drivers\tablet\drivers\HBtnKey\hidbtn.h
drivers\tablet\drivers\hidpen\hidpen.c
drivers\tablet\drivers\hidpen\hidpen.h
drivers\tablet\drivers\hidpen\oempen.c
drivers\tablet\drivers\kmdf\EloMultiTouch\EloTouch.c
drivers\tablet\drivers\kmdf\EloMultiTouch\EloTouch.h
drivers\tablet\drivers\kmdf\EloMultiTouch\oempen.c
drivers\tablet\drivers\kmdf\PTPFilter\Driver\Device.c
drivers\tablet\drivers\kmdf\PTPFilter\Driver\Device.h
drivers\tablet\drivers\kmdf\PTPFilter\Driver\Queue.c
drivers\tablet\drivers\kmdf\PTPFilter\Driver\Report.c
drivers\tablet\drivers\kmdf\PTPFilter\UMDF2\Device.c
drivers\tablet\drivers\kmdf\PTPFilter\UMDF2\Device.h
drivers\tablet\drivers\kmdf\PTPFilter\UMDF2\Queue.c
drivers\tablet\drivers\kmdf\PTPFilter\UMDF2\Report.c
drivers\tablet\drivers\kmdf\Wacompen\oempen.c
drivers\tablet\drivers\kmdf\Wacompen\wacompen.c
drivers\tablet\drivers\kmdf\Wacompen\Wacompen.h
drivers\tools\sasq\core\lib\HeartbeatData.cpp
drivers\wdf\kmdf\kd\kdExts.h
drivers\wdf\kmdf\kd\wdfhelp.c
drivers\wdf\kmdf\kd\wdfinterrupt.c
drivers\wdf\kmdf\kd\wdfobject.c
drivers\wdf\kmdf\kd\wdfspinlock.c
drivers\wdf\kmdf\samples\private\atapi\atapinit.c
drivers\wdf\kmdf\samples\private\atapi\bugcheck.c
drivers\wdf\kmdf\samples\private\atapi\chanfdo.c
drivers\wdf\kmdf\samples\private\atapi\devpdo.c
drivers\wdf\kmdf\samples\private\atapi\devpdo.h
drivers\wdf\kmdf\samples\private\atapi\hack.c
drivers\wdf\kmdf\samples\private\atapi\hack.h
drivers\wdf\kmdf\samples\private\atapi\ideport.h
drivers\wdf\kmdf\samples\private\atapi\init.c
drivers\wdf\kmdf\samples\private\atapi\internal.c
drivers\wdf\kmdf\samples\private\atapi\luext.c
drivers\wdf\kmdf\samples\private\atapi\passthru_lib.c
drivers\wdf\kmdf\samples\private\atapi\port.h
drivers\wdf\kmdf\samples\private\atapi\portlib.h
drivers\wdf\kmdf\samples\private\atapi\util.c
drivers\wdf\kmdf\samples\private\beep\beep.c
drivers\wdf\kmdf\samples\private\bthusb\bthusb.c
drivers\wdf\kmdf\samples\private\bthusb\bthusb.h
drivers\wdf\kmdf\samples\private\bthusb\usb.c
drivers\wdf\kmdf\samples\private\fdc\fdcio.cpp
drivers\wdf\kmdf\samples\private\msisim\init.c
drivers\wdf\kmdf\samples\private\msisim\symbios.h
drivers\wdf\kmdf\samples\private\plxdclisr\Sys\IsrDpc.c
drivers\wdf\kmdf\samples\private\plxdclisr\Sys\Precomp.h
drivers\wdf\kmdf\samples\private\plxdclisr\Sys\Read.c
drivers\wdf\kmdf\samples\private\plxdclisr\Sys\Write.c
drivers\wdf\kmdf\samples\private\pnpapic\hardware.c
drivers\wdf\kmdf\samples\private\pnpapic\init.c
drivers\wdf\kmdf\samples\private\pnpapic\pnpapic.h
drivers\wdf\kmdf\samples\private\sbp3port\defs.h
drivers\wdf\kmdf\samples\private\sbp3port\lunpdo.c
drivers\wdf\kmdf\samples\private\sbp3port\sbp3port.c
drivers\wdf\kmdf\samples\private\sbp3port\sbp3port.h
drivers\wdf\kmdf\samples\private\sbp3port\workeng.c
drivers\wdf\kmdf\samples\private\sbp3port\workeng.h
drivers\wdf\kmdf\samples\private\sbp3port\workext.c
drivers\wdf\kmdf\samples\private\sffdisk\protocol\sd\media.c
drivers\wdf\kmdf\samples\private\SSNDIS\fdo.c
drivers\wdf\kmdf\samples\private\systemDma\sys\private.h
drivers\wdf\kmdf\samples\private\systemDma\sys\Queue.cpp
drivers\wdf\kmdf\samples\private\usbccgp\debug.h
drivers\wdf\kmdf\samples\private\usbccgp\function.c
drivers\wdf\kmdf\samples\private\usbccgp\parent.c
drivers\wdf\kmdf\samples\private\usbccgp\selsusp.c
drivers\wdf\kmdf\samples\private\usbccgp\URBFUNC.C
drivers\wdf\kmdf\samples\private\usbccgp\usbccgp.c
drivers\wdf\kmdf\samples\private\usbccgp\usbccgp.h
drivers\wdf\kmdf\samples\private\usbccgp\util.c
drivers\wdf\kmdf\samples\private\usbccgp\wmi.c
drivers\wdf\kmdf\samples\private\USBMASS\adapter.c
drivers\wdf\kmdf\samples\private\USBMASS\adapter.h
drivers\wdf\kmdf\samples\private\USBMASS\bot.c
drivers\wdf\kmdf\samples\private\USBMASS\cbi.c
drivers\wdf\kmdf\samples\private\USBMASS\driver.c
drivers\wdf\kmdf\samples\private\USBMASS\util.c
drivers\wdf\kmdf\samples\private\UsbNcm\ndiscx\UsbNcm\Function\FunctionConfig.cpp
drivers\wdf\kmdf\samples\private\UsbNcm\ndiscx\UsbNcm\Function\Utility.cpp
drivers\wdf\kmdf\samples\private\UsbNcm\ndiscx\UsbNcm\Shared\ControlPlane.cpp
drivers\wdf\kmdf\samples\private\UsbNcm\ndiscx\UsbNcm\Shared\DataPlane.cpp
drivers\wdf\kmdf\samples\private\UsbNcm\ndiscx\UsbNcm\Shared\DataPlane.h
drivers\wdf\kmdf\samples\private\UsbNcm\ndiscx\UsbNcm\Shared\NcmUnpack.cpp
drivers\wdf\kmdf\samples\private\UsbNcm\ndiscx\UsbNcm\Shared\NcmUnpack.h
drivers\wdf\kmdf\samples\private\UsbNcm\wdm\Adapter.cpp
drivers\wdf\kmdf\samples\private\UsbNcm\wdm\Shared\Adapter.h
drivers\wdf\kmdf\samples\private\UsbNcm\wdm\Shared\CppSupport.h
drivers\wdf\kmdf\samples\private\UsbNcm\wdm\Shared\IOContext.h
drivers\wdf\kmdf\samples\private\UsbNcm\wdm\Shared\IOContextAllocator.h
drivers\wdf\kmdf\samples\private\UsbNcm\wdm\Shared\Miniport.h
drivers\wdf\kmdf\samples\private\UsbNcm\wdm\Shared\NdisConfiguration.h
drivers\wdf\kmdf\samples\private\UsbNcm\wdm\Shared\NdisEvent.h
drivers\wdf\kmdf\samples\private\UsbNcm\wdm\Shared\NdisIoWorkItem.h
drivers\wdf\kmdf\samples\private\UsbNcm\wdm\Shared\NdisNblPool.h
drivers\wdf\kmdf\samples\private\UsbNcm\wdm\Shared\NdisNpagedLookaside.h
drivers\wdf\kmdf\samples\private\UsbNcm\wdm\Shared\NdisSpinLock.h
drivers\wdf\kmdf\samples\private\UsbNcm\wdm\Shared\NdisTimer.h
drivers\wdf\kmdf\samples\private\UsbNcm\wdm\Shared\UsbNcm.h
drivers\wdf\kmdf\samples\private\UsbNcm\wdm\UsbNcm\AdapterIO.h
drivers\wdf\kmdf\samples\private\UsbNcm\wdm\UsbNcm\UsbdHandle.h
drivers\wdf\kmdf\samples\private\UsbNcm\wdm\UsbNcm.cpp
drivers\wdf\kmdf\samples\private\UsbNcm\wdm\UsbNcmFn\AdapterIO.h
drivers\wdf\kmdf\samples\private\UsbNic\kmlfilter\filter.c
drivers\wdf\kmdf\samples\private\VirtualStorage\helpers.h
drivers\wdf\kmdf\samples\private\VirtualStorage\removelock.h
drivers\wdf\kmdf\samples\private\VirtualStorage\synchronize.h
drivers\wdf\kmdf\samples\private\VirtualStorage\virtualdrive.cpp
drivers\wdf\kmdf\samples\private\wdfseaio\sys\driver.c
drivers\wdf\kmdf\samples\public\echo\driver\DriverSync\queue.c
drivers\wdf\kmdf\samples\public\echo\driver\DriverSync\queue.h
drivers\wdf\kmdf\samples\public\ndisedge\50\Init.c
drivers\wdf\kmdf\samples\public\ndisedge\50\NdisWdm.c
drivers\wdf\kmdf\samples\public\ndisedge\50\NdisWdm.h
drivers\wdf\kmdf\samples\public\ndisedge\50\Receive.c
drivers\wdf\kmdf\samples\public\ndisedge\50\Request.c
drivers\wdf\kmdf\samples\public\ndisedge\50\Send.c
drivers\wdf\kmdf\samples\public\ndisedge\60\Init.c
drivers\wdf\kmdf\samples\public\ndisedge\60\NdisWdm.c
drivers\wdf\kmdf\samples\public\ndisedge\60\NdisWdm.h
drivers\wdf\kmdf\samples\public\ndisedge\60\Receive.c
drivers\wdf\kmdf\samples\public\ndisedge\60\Request.c
drivers\wdf\kmdf\samples\public\ndisedge\60\Send.c
drivers\wdf\kmdf\samples\public\pcidrv\SYS\HW\isrdpc.c
drivers\wdf\kmdf\samples\public\pcidrv\SYS\HW\nic_def.h
drivers\wdf\kmdf\samples\public\pcidrv\SYS\HW\nic_init.c
drivers\wdf\kmdf\samples\public\pcidrv\SYS\HW\nic_pm.c
drivers\wdf\kmdf\samples\public\pcidrv\SYS\HW\nic_recv.c
drivers\wdf\kmdf\samples\public\pcidrv\SYS\HW\nic_req.c
drivers\wdf\kmdf\samples\public\pcidrv\SYS\HW\nic_send.c
drivers\wdf\kmdf\samples\public\pcidrv\SYS\HW\precomp.h
drivers\wdf\kmdf\samples\public\pcidrv\SYS\HW\routines.c
drivers\wdf\kmdf\samples\public\pcidrv\SYS\PCIDRV.C
drivers\wdf\kmdf\samples\public\pcidrv\SYS\PCIDRV.H
drivers\wdf\kmdf\samples\public\PLX9x5x\Sys\IsrDpc.c
drivers\wdf\kmdf\samples\public\PLX9x5x\Sys\Precomp.h
drivers\wdf\kmdf\samples\public\PLX9x5x\Sys\Read.c
drivers\wdf\kmdf\samples\public\PLX9x5x\Sys\Write.c
drivers\wdf\kmdf\samples\public\PowerFx\Driver\MultiComp\inc\WdfPoFx.h
drivers\wdf\kmdf\samples\public\PowerFx\Driver\MultiComp\lib\component.c
drivers\wdf\kmdf\samples\public\PowerFx\Driver\MultiComp\lib\device.c
drivers\wdf\kmdf\samples\public\PowerFx\Driver\MultiComp\lib\init.c
drivers\wdf\kmdf\samples\public\PowerFx\Driver\MultiComp\lib\s0idle.c
drivers\wdf\kmdf\samples\public\PowerFx\Driver\SingleComp\driver.c
drivers\wdf\kmdf\samples\public\PowerFx\Driver\SingleComp\driver.h
drivers\wdf\kmdf\samples\public\serial\flush.c
drivers\wdf\kmdf\samples\public\serial\initunlo.c
drivers\wdf\kmdf\samples\public\serial\ioctl.c
drivers\wdf\kmdf\samples\public\serial\isr.c
drivers\wdf\kmdf\samples\public\serial\pnp.c
drivers\wdf\kmdf\samples\public\serial\precomp.h
drivers\wdf\kmdf\samples\public\serial\read.c
drivers\wdf\kmdf\samples\public\serial\serial.h
drivers\wdf\kmdf\samples\public\serial\utils.c
drivers\wdf\kmdf\samples\public\serial\waitmask.c
drivers\wdf\kmdf\samples\public\serial\write.c
drivers\wdf\kmdf\samples\public\toaster\filter\sideband\filter.c
drivers\wdf\kmdf\samples\public\toaster\filter\sideband\filter.h
drivers\wdf\kmdf\samples\public\toaster\toastmon\toastmon.c
drivers\wdf\kmdf\samples\public\wmisamp\wmisamp.c
drivers\wdf\kmdf\samples\public\wmisamp\wmisamp.h
drivers\wdf\kmdf\tests\dditest\apps\ForwardProgress\TestCaseFactory.CPP
drivers\wdf\kmdf\tests\dditest\apps\TAEF\WdfInterruptTests\WdfInterruptTests.CPP
drivers\wdf\kmdf\tests\dditest\drivers\BusDriver\ChildList.cpp
drivers\wdf\kmdf\tests\dditest\drivers\BusDriver\ChildListOperations.cpp
drivers\wdf\kmdf\tests\dditest\drivers\BusDriver\common.h
drivers\wdf\kmdf\tests\dditest\drivers\BusDriver\FdoContext.CPP
drivers\wdf\kmdf\tests\dditest\drivers\BusDriver\Kcom.cpp
drivers\wdf\kmdf\tests\dditest\drivers\BusDriver\kcom.h
drivers\wdf\kmdf\tests\dditest\drivers\BusDriver\PdoInit.cpp
drivers\wdf\kmdf\tests\dditest\drivers\DeviceDriver\DeviceGetCharacteristics.cpp
drivers\wdf\kmdf\tests\dditest\drivers\DeviceDriver\DeviceSetCharacteristics.cpp
drivers\wdf\kmdf\tests\dditest\drivers\DeviceDriver\kcom.cpp
drivers\wdf\kmdf\tests\dditest\drivers\DeviceDriver\kcom.h
drivers\wdf\kmdf\tests\dditest\drivers\DeviceInitDriver\Device.cpp
drivers\wdf\kmdf\tests\dditest\drivers\DeviceInitDriver\DeviceInit.cpp
drivers\wdf\kmdf\tests\dditest\drivers\DeviceInitDriver\FdoInit.cpp
drivers\wdf\kmdf\tests\dditest\drivers\DeviceInitDriver\General.cpp
drivers\wdf\kmdf\tests\dditest\drivers\DeviceInitDriver\kcom.cpp
drivers\wdf\kmdf\tests\dditest\drivers\DeviceInitDriver\kcom.h
drivers\wdf\kmdf\tests\dditest\drivers\ForwardProgress\ForwardProgressQueue.CPP
drivers\wdf\kmdf\tests\dditest\drivers\ForwardProgress\TestDevice.CPP
drivers\wdf\kmdf\tests\dditest\drivers\GeneralDriver\AsynchronousProcess.cpp
drivers\wdf\kmdf\tests\dditest\drivers\GeneralDriver\Collection.cpp
drivers\wdf\kmdf\tests\dditest\drivers\GeneralDriver\driver.c
drivers\wdf\kmdf\tests\dditest\drivers\GeneralDriver\FileObject.cpp
drivers\wdf\kmdf\tests\dditest\drivers\GeneralDriver\General.cpp
drivers\wdf\kmdf\tests\dditest\drivers\GeneralDriver\kcom.cpp
drivers\wdf\kmdf\tests\dditest\drivers\GeneralDriver\kcom.h
drivers\wdf\kmdf\tests\dditest\drivers\GeneralDriver\String.cpp
drivers\wdf\kmdf\tests\dditest\drivers\GeneralDriver\Synchronization.cpp
drivers\wdf\kmdf\tests\dditest\drivers\inc\KmdfTest.h
drivers\wdf\kmdf\tests\dditest\drivers\inc\PropertyBagSupport.h
drivers\wdf\kmdf\tests\dditest\drivers\inc\public.h
drivers\wdf\kmdf\tests\dditest\drivers\InterruptDriver\common.h
drivers\wdf\kmdf\tests\dditest\drivers\InterruptDriver\driver.c
drivers\wdf\kmdf\tests\dditest\drivers\InterruptDriver\Interrupt.cpp
drivers\wdf\kmdf\tests\dditest\drivers\InterruptDriver\Kcom.cpp
drivers\wdf\kmdf\tests\dditest\drivers\InterruptDriver\kcom.h
drivers\wdf\kmdf\tests\dditest\drivers\iodditest\common.h
drivers\wdf\kmdf\tests\dditest\drivers\iodditest\kcom.cpp
drivers\wdf\kmdf\tests\dditest\drivers\iodditest\Kcom.h
drivers\wdf\kmdf\tests\dditest\drivers\IoRequestDriver\common.h
drivers\wdf\kmdf\tests\dditest\drivers\IoRequestDriver\driver.c
drivers\wdf\kmdf\tests\dditest\drivers\IoRequestDriver\kcom.cpp
drivers\wdf\kmdf\tests\dditest\drivers\IoRequestDriver\kcom.h
drivers\wdf\kmdf\tests\dditest\drivers\IoRequestDriver\Request.cpp
drivers\wdf\kmdf\tests\dditest\drivers\IoRequestDriver\RequestGetInformation.cpp
drivers\wdf\kmdf\tests\dditest\drivers\IoResourceDriver\common.h
drivers\wdf\kmdf\tests\dditest\drivers\IoResourceDriver\IoResourceList.cpp
drivers\wdf\kmdf\tests\dditest\drivers\IoResourceDriver\IoResourceRequirementList.cpp
drivers\wdf\kmdf\tests\dditest\drivers\IoResourceDriver\kcom.h
drivers\wdf\kmdf\tests\dditest\drivers\IoTarget\common.h
drivers\wdf\kmdf\tests\dditest\drivers\IoTarget\kcom.cpp
drivers\wdf\kmdf\tests\dditest\drivers\IoTarget\kcom.h
drivers\wdf\kmdf\tests\dditest\drivers\IoTargetDriver\IoTarget.cpp
drivers\wdf\kmdf\tests\dditest\drivers\IoTargetDriver\IoTargetRequest.cpp
drivers\wdf\kmdf\tests\dditest\drivers\IoTargetDriver\kcom.cpp
drivers\wdf\kmdf\tests\dditest\drivers\IoTargetDriver\kcom.h
drivers\wdf\kmdf\tests\dditest\drivers\KmdfTestLib\PropertyBagSupport.cpp
drivers\wdf\kmdf\tests\dditest\drivers\KmdfTestLib\SanAndreas.CPP
drivers\wdf\kmdf\tests\dditest\drivers\KmdfTestLib\Support.cpp
drivers\wdf\kmdf\tests\dditest\drivers\MemoryWmiDriver\kcom.cpp
drivers\wdf\kmdf\tests\dditest\drivers\MemoryWmiDriver\kcom.h
drivers\wdf\kmdf\tests\dditest\drivers\MemoryWmiDriver\Memory.cpp
drivers\wdf\kmdf\tests\dditest\drivers\MemoryWmiDriver\Request.cpp
drivers\wdf\kmdf\tests\dditest\drivers\MemoryWmiDriver\Wmi.cpp
drivers\wdf\kmdf\tests\dditest\drivers\MiniportDriver\driver.c
drivers\wdf\kmdf\tests\dditest\drivers\MiniportDriver\Kcom.cpp
drivers\wdf\kmdf\tests\dditest\drivers\MiniportDriver\power.c
drivers\wdf\kmdf\tests\dditest\drivers\MiniportDriver\power.h
drivers\wdf\kmdf\tests\dditest\drivers\Pci9x5x\CmResource.cpp
drivers\wdf\kmdf\tests\dditest\drivers\Pci9x5x\CommonBuffer.cpp
drivers\wdf\kmdf\tests\dditest\drivers\Pci9x5x\DmaEnabler.cpp
drivers\wdf\kmdf\tests\dditest\drivers\Pci9x5x\DmaTransaction.cpp
drivers\wdf\kmdf\tests\dditest\drivers\Pci9x5x\Init.c
drivers\wdf\kmdf\tests\dditest\drivers\Pci9x5x\Interrupt.cpp
drivers\wdf\kmdf\tests\dditest\drivers\Pci9x5x\IsrDpc.c
drivers\wdf\kmdf\tests\dditest\drivers\Pci9x5x\kcom.h
drivers\wdf\kmdf\tests\dditest\drivers\Pci9x5x\Pci9656.c
drivers\wdf\kmdf\tests\dditest\drivers\Pci9x5x\Private.h
drivers\wdf\kmdf\tests\dditest\drivers\Pci9x5x\Read.c
drivers\wdf\kmdf\tests\dditest\drivers\Pci9x5x\Write.c
drivers\wdf\kmdf\tests\dditest\drivers\PnpPowerDriver\kcom.h
drivers\wdf\kmdf\tests\dditest\drivers\PnpPowerDriver\PnpPower.cpp
drivers\wdf\kmdf\tests\dditest\drivers\PnpPowerDriver\Registry.cpp
drivers\wdf\kmdf\tests\dditest\drivers\RequestHandlerDriver\RequestHandlerDriver.c
drivers\wdf\kmdf\tests\dditest\drivers\StaticBusDriver\driver.c
drivers\wdf\kmdf\tests\dditest\drivers\StaticBusDriver\Kcom.cpp
drivers\wdf\kmdf\tests\dditest\drivers\StaticBusDriver\kcom.h
drivers\wdf\kmdf\tests\dditest\drivers\StaticBusDriver\StaticChildList.cpp
drivers\wdf\kmdf\tests\dditest\drivers\UsbDriver\common.h
drivers\wdf\kmdf\tests\dditest\drivers\UsbDriver\kcom.h
drivers\wdf\kmdf\tests\dditest\drivers\UsbDriver\UsbDevice.cpp
drivers\wdf\kmdf\tests\dditest\drivers\UsbDriver\UsbInterface.cpp
drivers\wdf\kmdf\tests\dditest\drivers\UsbDriver\UsbPipe.cpp
drivers\wdf\kmdf\tests\debuggerext\TestDrivers\KoalaDriver\create.c
drivers\wdf\kmdf\tests\debuggerext\TestDrivers\KoalaDriver\struct.c
drivers\wdf\kmdf\tests\debuggerext\TestDrivers\KoalaDriver\struct.h
drivers\wdf\kmdf\tests\drivers\FaultInjector\FiLib\lib.c
drivers\wdf\kmdf\tests\drivers\FaultInjector\inc\FiLib.h
drivers\wdf\kmdf\tests\drivers\FaultInjector\SanAndreasFiCx\SaProxy.cpp
drivers\wdf\kmdf\tests\drivers\FaultInjector\StackBasedFi\driver.c
drivers\wdf\kmdf\tests\drivers\iotarget\common\UtilityClasses.H
drivers\wdf\kmdf\tests\drivers\iotarget\hunter\Hunter.CPP
drivers\wdf\kmdf\tests\drivers\iotarget\hunter\RequestProcessor.CPP
drivers\wdf\kmdf\tests\drivers\iotarget\hunter\RequestProcessor.H
drivers\wdf\kmdf\tests\drivers\iotarget\hunter\TargetTracker.CPP
drivers\wdf\kmdf\tests\drivers\iotarget\hunter\TargetTracker.H
drivers\wdf\kmdf\tests\drivers\iotarget\target\DelayableFIFO.CPP
drivers\wdf\kmdf\tests\drivers\iotarget\target\DelayableFIFO.H
drivers\wdf\kmdf\tests\drivers\iotarget\target\PassiveCompletion.CPP
drivers\wdf\kmdf\tests\drivers\iotarget\target\Queue.cpp
drivers\wdf\kmdf\tests\drivers\iotarget\target\Queue.h
drivers\wdf\kmdf\tests\drivers\iotarget\target\RequestProcessor.CPP
drivers\wdf\kmdf\tests\drivers\iotarget\target\RequestProcessor.H
drivers\wdf\kmdf\tests\drivers\iotarget\target\TargetDevice.CPP
drivers\wdf\kmdf\tests\drivers\iotarget\TestBus\TargetTestBus.CPP
drivers\wdf\kmdf\tests\drivers\Loadertest\Driver\LoaderTester.cpp
drivers\wdf\kmdf\tests\drivers\ModelEnhancement\ext\driver.c
drivers\wdf\kmdf\tests\drivers\ModelEnhancement\ext\driver.h
drivers\wdf\kmdf\tests\drivers\ModelEnhancement\ext\ModelEnhancementCx.h
drivers\wdf\kmdf\tests\drivers\pci9x5xtest\sys\IsrDpc.c
drivers\wdf\kmdf\tests\drivers\pci9x5xtest\sys\Precomp.h
drivers\wdf\kmdf\tests\drivers\pci9x5xtest\sys\Read.c
drivers\wdf\kmdf\tests\drivers\pci9x5xtest\sys\Write.c
drivers\wdf\kmdf\tests\drivers\SanAndreas\Continent.CPP
drivers\wdf\kmdf\tests\drivers\SanAndreas\InjectionControl.H
drivers\wdf\kmdf\tests\drivers\SanAndreas\Plate.CPP
drivers\wdf\kmdf\tests\drivers\SanAndreas\ProgramNode.CPP
drivers\wdf\kmdf\tests\drivers\SanAndreas\Tectonic.H
drivers\wdf\kmdf\tests\drivers\SanAndreas\ThreadProgram.CPP
drivers\wdf\kmdf\tests\drivers\SanAndreas\WarehouseManagement.CPP
drivers\wdf\kmdf\tests\drivers\SanAndreas\WarehouseManagement.H
drivers\wdf\kmdf\tests\drivers\toaster\func\featured\toaster.c
drivers\wdf\kmdf\tests\integration\ControlDevice\filter\filter.c
drivers\wdf\kmdf\tests\integration\ControlDevice\filter\filter.h
drivers\wdf\kmdf\tests\integration\msitest\driver.c
drivers\wdf\kmdf\tests\integration\msitest\driver.h
drivers\wdf\kmdf\tests\integration\ppsfilter\driver\driver.c
drivers\wdf\kmdf\tests\tools\GenericDebugFilter\filter.c
drivers\wdf\kmdf\tests\tools\logo\wdflogotestfaultinjection\LogoTestFaultInjection.cpp
drivers\wdf\kmdf\tests\tools\logo\wdflogotestfaultinjection\LogoTestFaultInjection.h
drivers\wdf\kmdf\tests\tools\SanAndreas.Control\ControlObjects.CPP
drivers\wdf\kmdf\tests\tools\SanAndreas.Control\ControlObjects.H
drivers\wdf\kmdf\tests\tools\SanAndreas.Control\DDITestSupport.CPP
drivers\wdf\kmdf\tests\tools\wdftester\driver\BaseHookStubs.cpp
drivers\wdf\kmdf\tests\tools\wdftester\driver\DdiFiProviderHooks.cpp
drivers\wdf\kmdf\tests\tools\wdftester\driver\driver.cpp
drivers\wdf\kmdf\tests\tools\wdftester\driver\wmi.cpp
drivers\wdf\kmdf\tests\tools\wdftester\exe\WDFTest.cpp
drivers\wdf\kmdf\tests\tools\wdftester\exe\WdftesterFuncEnum.h
drivers\wdf\kmdf\tests\tools\WdfVerifier\VerifierSettings.CPP
drivers\wdf\kmdf\tests\tools\WdfVerifier\VerifierUI.CPP
drivers\wdf\kmdf\tests\unit\class\ext\driver.c
drivers\wdf\kmdf\tests\unit\class\ext\driver.h
drivers\wdf\kmdf\tests\unit\class\FuncTest\client\km\driver.c
drivers\wdf\kmdf\tests\unit\class\FuncTest\client\km\driver.h
drivers\wdf\kmdf\tests\unit\class\FuncTest\client\um\driver.c
drivers\wdf\kmdf\tests\unit\class\FuncTest\client\um\driver.h
drivers\wdf\kmdf\tests\unit\class\inc\ClassUnitTest.h
drivers\wdf\kmdf\tests\unit\class\stress\inc\ClassExtLib.h
drivers\wdf\kmdf\tests\unit\class\stress\lib\lib.c
drivers\wdf\kmdf\tests\unit\crash\app\Main.cpp
drivers\wdf\kmdf\tests\unit\crash\sys\wdf\buggy.c
drivers\wdf\kmdf\tests\unit\dma\dmaunit\sys\dmaunit.cpp
drivers\wdf\kmdf\tests\unit\dma\pci9x5x\driver\BugChecker\IsrDpc.c
drivers\wdf\kmdf\tests\unit\dma\pci9x5x\driver\BugChecker\Pci9656.c
drivers\wdf\kmdf\tests\unit\dma\pci9x5x\driver\BugChecker\Precomp.h
drivers\wdf\kmdf\tests\unit\dma\pci9x5x\driver\BugChecker\Read.c
drivers\wdf\kmdf\tests\unit\dma\pci9x5x\driver\BugChecker\Write.c
drivers\wdf\kmdf\tests\unit\dma\pci9x5x\driver\PowerNotification\IsrDpc.c
drivers\wdf\kmdf\tests\unit\dma\pci9x5x\driver\PowerNotification\Precomp.h
drivers\wdf\kmdf\tests\unit\dma\pci9x5x\driver\PowerNotification\Read.c
drivers\wdf\kmdf\tests\unit\dma\pci9x5x\driver\PowerNotification\Write.c
drivers\wdf\kmdf\tests\unit\dma\testdma\sys\testdma.c
drivers\wdf\kmdf\tests\unit\fileobj\fileobjunittest\lowerfilter\filter.c
drivers\wdf\kmdf\tests\unit\fileobj\fileobjunittest\lowerfilter\filter.h
drivers\wdf\kmdf\tests\unit\io\mqueue\driver\filter\lowerfilter.c
drivers\wdf\kmdf\tests\unit\io\mqueue\driver\filter\mqueuefilter.c
drivers\wdf\kmdf\tests\unit\io\mqueue\driver\filter\mqueuefilter.h
drivers\wdf\kmdf\tests\unit\io\mqueue\driver\filter\targetCtldevice.c
drivers\wdf\kmdf\tests\unit\io\mqueue\driver\filter\targetpdo.c
drivers\wdf\kmdf\tests\unit\io\mqueue\driver\function\childqueue.c
drivers\wdf\kmdf\tests\unit\io\mqueue\driver\function\childqueue.h
drivers\wdf\kmdf\tests\unit\io\mqueue\driver\function\common.c
drivers\wdf\kmdf\tests\unit\io\mqueue\driver\function\common.h
drivers\wdf\kmdf\tests\unit\io\mqueue\driver\function\device.c
drivers\wdf\kmdf\tests\unit\io\mqueue\driver\function\device.h
drivers\wdf\kmdf\tests\unit\io\mqueue\driver\function\dispatchqueue.c
drivers\wdf\kmdf\tests\unit\io\mqueue\driver\function\driver.c
drivers\wdf\kmdf\tests\unit\io\mqueue\driver\function\fileobject.c
drivers\wdf\kmdf\tests\unit\io\mqueue\driver\function\misctest.c
drivers\wdf\kmdf\tests\unit\io\mqueue\driver\function\mqueue.h
drivers\wdf\kmdf\tests\unit\io\mqueue\driver\function\rawpdo.c
drivers\wdf\kmdf\tests\unit\io\mqueue\driver\function\um\mxum.c
drivers\wdf\kmdf\tests\unit\io\mqueue\driver\function\um\TempTypesForWdfHeader.h
drivers\wdf\kmdf\tests\unit\io\mqueue\driver\ObjTestClassExt\Km\ObjTestKm.c
drivers\wdf\kmdf\tests\unit\io\mqueue\driver\ObjTestClassExt\objgraph.c
drivers\wdf\kmdf\tests\unit\io\mqueue\driver\ObjTestClassExt\objtest.c
drivers\wdf\kmdf\tests\unit\io\mqueue\driver\ObjTestClassExt\objtest.h
drivers\wdf\kmdf\tests\unit\io\mqueue\driver\ObjTestClassExt\Um\ObjTestUm.c
drivers\wdf\kmdf\tests\unit\io\perf\sys\wdm\func\POWER.C
drivers\wdf\kmdf\tests\unit\io\perf\sys\wdm\func\power.h
drivers\wdf\kmdf\tests\unit\io\perf\sys\wdm\func\toaster.C
drivers\wdf\kmdf\tests\unit\io\perf\sys\wdm\func\wmi.c
drivers\wdf\kmdf\tests\unit\iotargetpurgefunctest\IoTargetPurgeLowerFilter\filter.cpp
drivers\wdf\kmdf\tests\unit\iotargetpurgefunctest\IoTargetPurgeLowerFilter\filter.h
drivers\wdf\kmdf\tests\unit\iotargetpurgefunctest\IoTargetPurgeUpperFilter\upperfilter.h
drivers\wdf\kmdf\tests\unit\iotargetpurgefunctest\Osrfunction\Device.cpp
drivers\wdf\kmdf\tests\unit\iotargetpurgefunctest\Osrfunction\driver.cpp
drivers\wdf\kmdf\tests\unit\iotargetpurgefunctest\Osrfunction\interrupt.cpp
drivers\wdf\kmdf\tests\unit\iotargetpurgefunctest\Osrfunction\ioctl.cpp
drivers\wdf\kmdf\tests\unit\iotargetpurgefunctest\Osrfunction\osrusbfx2.h
drivers\wdf\kmdf\tests\unit\iotargetpurgefunctest\Osrfunction\ReadQueueManual.cpp
drivers\wdf\kmdf\tests\unit\iotargetpurgefunctest\shared\km\MxLockKm.h
drivers\wdf\kmdf\tests\unit\iotargetpurgefunctest\shared\MxLock.h
drivers\wdf\kmdf\tests\unit\iotargetpurgefunctest\shared\um\MxLockUm.h
drivers\wdf\kmdf\tests\unit\pci-interrupt\interrupt_stress\lower_filter\filter.c
drivers\wdf\kmdf\tests\unit\pci-interrupt\interrupt_stress\lower_filter\filter.h
drivers\wdf\kmdf\tests\unit\pci-interrupt\interrupt_stress\sys\driver.c
drivers\wdf\kmdf\tests\unit\pci-interrupt\interrupt_stress\sys\util.c
drivers\wdf\kmdf\tests\unit\pci-interrupt\interrupt_stress\sys\util.h
drivers\wdf\kmdf\tests\unit\pnp-power\osrusbfx2test\sys\osrusbfx2.h
drivers\wdf\kmdf\tests\unit\UsbTarget\ContinousReader\FaultInjectLowerFilter\filter.c
drivers\wdf\kmdf\tests\unit\UsbTarget\ContinousReader\FaultInjectLowerFilter\filter.h
drivers\wdf\kmdf\tests\unit\UsbTarget\ContinousReader\Osrfunction\Device.c
drivers\wdf\kmdf\tests\unit\UsbTarget\ContinousReader\Osrfunction\driver.c
drivers\wdf\kmdf\tests\unit\UsbTarget\ContinousReader\Osrfunction\interrupt.c
drivers\wdf\kmdf\tests\unit\UsbTarget\ContinousReader\Osrfunction\ioctl.c
drivers\wdf\kmdf\tests\unit\UsbTarget\ContinousReader\Osrfunction\osrusbfx2.h
drivers\wdf\kmdf\tests\unit\UsbTarget\ContinousReader\Osrfunction\ReadQueueManual.c
drivers\wdf\kmdf\tests\unit\UsbTarget\usb2280\driver\usb2280.h
drivers\wdf\kmdf\tests\unit\UsbTarget\usb2280\driver\usb2280device.c
drivers\wdf\kmdf\tests\unit\UsbTarget\usb2280\driver\usb2280endpointtest.c
drivers\wdf\kmdf\tests\unit\UsbTarget\usbdsf\driver\driver.c
drivers\wdf\kmdf\tests\unit\UsbTarget\usbdsf\driver\private.h
drivers\wdf\kmdf\tests\unit\wmi\wmiunittest\app\main.cpp
drivers\wdf\kmdf\tests\unit\wmi\wmiunittest\driver\WmiUnitTest.c
drivers\wdf\kmdf\tests\unit\wmi\wmiunittest\driver\WmiUnitTest.h
drivers\wdf\QA.Common\BlueTestHarness.H
drivers\wdf\QA.Common\InterruptPerformanceData.H
drivers\wdf\QA.Common\Kernel\BlueTestHarness.CPP
drivers\wdf\QA.Common\Kernel\DetouringEngine.CPP
drivers\wdf\QA.Common\Kernel\InterruptPerformanceData.CPP
drivers\wdf\QA.Common\Kernel\MemoryObject.CPP
drivers\wdf\QA.Common\Kernel\SanAndreas.CPP
drivers\wdf\QA.Common\MemoryObject.H
drivers\wdf\QA.Common\MersenneTwisterRNG.CPP
drivers\wdf\QA.Common\SanAndreas.H
drivers\wdf\QA.Common\User\InterruptPerformanceData.CPP
drivers\wdf\QA.Common\User\SanAndreas.CPP
drivers\wdf\sdv\samples\SDV-FailDriver-KMDF\driver\sdv\check\kmdfirql\kmdfirql.h
drivers\wdf\sdv\samples\SDV-FailDriver-KMDF\driver\sdv\check\kmdfirql\slic_externs.h
drivers\wdf\sdv\samples\SDV-FailDriver-KMDF\driver\sdv\check\kmdfirql2\kmdfirql2.h
drivers\wdf\sdv\samples\SDV-FailDriver-KMDF\driver\sdv\check\kmdfirql2\slic_externs.h
drivers\wdf\sdv\samples\SDV-FailDriver-KMDF\driver\sdv\check\usbkmdfirql\usbkmdfirql.h
drivers\wdf\sdv\samples\SDV-FailDriver-KMDF\driver\sdv\check\usbkmdfirql2\usbkmdfirql2.h
drivers\wdf\sdv\samples\SDV-FailDriver-KMDF\driver\sdv\check\wdfrequestsendsyncatdispatch\slic_externs.h
drivers\wdf\sdv\samples\SDV-FailDriver-KMDF\driver\sdv\check\wdfrequestsendsyncatdispatch\wdfrequestsendsyncatdispatch.h
drivers\wdf\sdv\samples\SDV-FailDriver-KMDF\driver\sdv\check\wdfrequestsendsyncatdispatch2\slic_externs.h
drivers\wdf\sdv\samples\SDV-FailDriver-KMDF\driver\sdv\check\wdfrequestsendsyncatdispatch2\wdfrequestsendsyncatdispatch2.h
drivers\wdf\sdv\samples\SDV-FailDriver-KMDF\driver\sdv\rules\wdf\kmdfirql.h
drivers\wdf\sdv\samples\SDV-FailDriver-KMDF\driver\sdv\rules\wdf\kmdfirql2.h
drivers\wdf\sdv\samples\SDV-FailDriver-KMDF\driver\sdv\rules\wdf\usbkmdfirql.h
drivers\wdf\sdv\samples\SDV-FailDriver-KMDF\driver\sdv\rules\wdf\usbkmdfirql2.h
drivers\wdf\sdv\samples\SDV-FailDriver-KMDF\driver\sdv\rules\wdf\wdfrequestsendsyncatdispatch.h
drivers\wdf\sdv\samples\SDV-FailDriver-KMDF\driver\sdv\rules\wdf\wdfrequestsendsyncatdispatch2.h
drivers\wdf\sdv\samples\SDV-FailDriver-KMDF\driver\sdv\sdv-harness.c
drivers\wdf\sdv\samples\SDV-FailDriver-NDIS\driver\main.c
drivers\wdf\sdv\samples\SDV-FailDriver-NDIS\driver\sdv\check\irql_callmanager_function\slic_externs.h
drivers\wdf\sdv\samples\SDV-FailDriver-NDIS\driver\sdv\check\irql_connection_function\slic_externs.h
drivers\wdf\sdv\samples\SDV-FailDriver-NDIS\driver\sdv\check\irql_filter_driver_function\slic_externs.h
drivers\wdf\sdv\samples\SDV-FailDriver-NDIS\driver\sdv\check\irql_gather_dma_function\slic_externs.h
drivers\wdf\sdv\samples\SDV-FailDriver-NDIS\driver\sdv\check\irql_im_function\slic_externs.h
drivers\wdf\sdv\samples\SDV-FailDriver-NDIS\driver\sdv\check\irql_interfaces_function\slic_externs.h
drivers\wdf\sdv\samples\SDV-FailDriver-NDIS\driver\sdv\check\irql_interrupt_function\slic_externs.h
drivers\wdf\sdv\samples\SDV-FailDriver-NDIS\driver\sdv\check\irql_irqlsetting_function\slic_externs.h
drivers\wdf\sdv\samples\SDV-FailDriver-NDIS\driver\sdv\check\irql_mcm_function\slic_externs.h
drivers\wdf\sdv\samples\SDV-FailDriver-NDIS\driver\sdv\check\irql_mco_function\slic_externs.h
drivers\wdf\sdv\samples\SDV-FailDriver-NDIS\driver\sdv\check\irql_miniport_driver_function\slic_externs.h
drivers\wdf\sdv\samples\SDV-FailDriver-NDIS\driver\sdv\check\irql_miscellaneous_function\slic_externs.h
drivers\wdf\sdv\samples\SDV-FailDriver-NDIS\driver\sdv\check\irql_netbuffer_function\slic_externs.h
drivers\wdf\sdv\samples\SDV-FailDriver-NDIS\driver\sdv\check\irql_oid_function\slic_externs.h
drivers\wdf\sdv\samples\SDV-FailDriver-NDIS\driver\sdv\check\irql_protocol_driver_function\slic_externs.h
drivers\wdf\sdv\samples\SDV-FailDriver-NDIS\driver\sdv\check\irql_sendrcv_function\slic_externs.h
drivers\wdf\sdv\samples\SDV-FailDriver-NDIS\driver\sdv\check\irql_statusindication_function\slic_externs.h
drivers\wdf\sdv\samples\SDV-FailDriver-NDIS\driver\sdv\check\irql_synch_function\slic_externs.h
drivers\wdf\sdv\samples\SDV-FailDriver-NDIS\driver\sdv\check\irql_timer_function\slic_externs.h
drivers\wdf\sdv\samples\SDV-FailDriver-NDIS\driver\sdv\sdv-harness.c
drivers\wdf\sdv\samples\SDV-FailDriver-STORPORT\driver\lsi_u3.c
drivers\wdf\sdv\samples\SDV-FailDriver-STORPORT\driver\sdv\check\irqldispatch\irqldispatch.h
drivers\wdf\sdv\samples\SDV-FailDriver-STORPORT\driver\sdv\check\irqlkereleasespinlock\irqlkereleasespinlock.h
drivers\wdf\sdv\samples\SDV-FailDriver-STORPORT\driver\sdv\check\spchangeirql\spchangeirql.h
drivers\wdf\sdv\samples\SDV-FailDriver-STORPORT\driver\sdv\check\storportirql\slic_externs.h
drivers\wdf\sdv\samples\SDV-FailDriver-STORPORT\driver\sdv\check\storportirql\storportirql.h
drivers\wdf\sdv\samples\SDV-FailDriver-STORPORT\driver\sdv\rules\storport\irqldispatch.h
drivers\wdf\sdv\samples\SDV-FailDriver-STORPORT\driver\sdv\rules\storport\irqlkereleasespinlock.h
drivers\wdf\sdv\samples\SDV-FailDriver-STORPORT\driver\sdv\rules\storport\spchangeirql.h
drivers\wdf\sdv\samples\SDV-FailDriver-STORPORT\driver\sdv\rules\storport\storportirql.h
drivers\wdf\sdv\samples\SDV-FailDriver-STORPORT\driver\sdv\sdv-harness.c
drivers\wdf\sdv\samples\SDV-FailDriver-WDM\driver\fail_driver1.c
drivers\wdf\sdv\samples\SDV-FailDriver-WDM\driver\sdv\check\forwardedatbadirql\slic_externs.h
drivers\wdf\sdv\samples\SDV-FailDriver-WDM\driver\sdv\check\irqlapclte\irqlapclte.h
drivers\wdf\sdv\samples\SDV-FailDriver-WDM\driver\sdv\check\irqlapclte\slic_externs.h
drivers\wdf\sdv\samples\SDV-FailDriver-WDM\driver\sdv\check\irqldispatch\irqldispatch.h
drivers\wdf\sdv\samples\SDV-FailDriver-WDM\driver\sdv\check\irqldispatch\slic_externs.h
drivers\wdf\sdv\samples\SDV-FailDriver-WDM\driver\sdv\check\irqlexallocatepool\irqlexallocatepool.h
drivers\wdf\sdv\samples\SDV-FailDriver-WDM\driver\sdv\check\irqlexallocatepool\slic_externs.h
drivers\wdf\sdv\samples\SDV-FailDriver-WDM\driver\sdv\check\irqlexapclte1\irqlexapclte1.h
drivers\wdf\sdv\samples\SDV-FailDriver-WDM\driver\sdv\check\irqlexapclte1\slic_externs.h
drivers\wdf\sdv\samples\SDV-FailDriver-WDM\driver\sdv\check\irqlexapclte2\irqlexapclte2.h
drivers\wdf\sdv\samples\SDV-FailDriver-WDM\driver\sdv\check\irqlexapclte2\slic_externs.h
drivers\wdf\sdv\samples\SDV-FailDriver-WDM\driver\sdv\check\irqlexapclte3\irqlexapclte3.h
drivers\wdf\sdv\samples\SDV-FailDriver-WDM\driver\sdv\check\irqlexapclte3\slic_externs.h
drivers\wdf\sdv\samples\SDV-FailDriver-WDM\driver\sdv\check\irqlexapclteinline\irqlexapclteinline.h
drivers\wdf\sdv\samples\SDV-FailDriver-WDM\driver\sdv\check\irqlexapclteinline\slic_externs.h
drivers\wdf\sdv\samples\SDV-FailDriver-WDM\driver\sdv\check\irqlexpassive\irqlexpassive.h
drivers\wdf\sdv\samples\SDV-FailDriver-WDM\driver\sdv\check\irqlexpassive\slic_externs.h
drivers\wdf\sdv\samples\SDV-FailDriver-WDM\driver\sdv\check\irqlioapclte\irqlioapclte.h
drivers\wdf\sdv\samples\SDV-FailDriver-WDM\driver\sdv\check\irqlioapclte\slic_externs.h
drivers\wdf\sdv\samples\SDV-FailDriver-WDM\driver\sdv\check\irqliodispatch\irqliodispatch.h
drivers\wdf\sdv\samples\SDV-FailDriver-WDM\driver\sdv\check\irqliodispatch\slic_externs.h
drivers\wdf\sdv\samples\SDV-FailDriver-WDM\driver\sdv\check\irqliopassive1\irqliopassive1.h
drivers\wdf\sdv\samples\SDV-FailDriver-WDM\driver\sdv\check\irqliopassive1\slic_externs.h
drivers\wdf\sdv\samples\SDV-FailDriver-WDM\driver\sdv\check\irqliopassive2\irqliopassive2.h
drivers\wdf\sdv\samples\SDV-FailDriver-WDM\driver\sdv\check\irqliopassive2\slic_externs.h
drivers\wdf\sdv\samples\SDV-FailDriver-WDM\driver\sdv\check\irqliopassive3\irqliopassive3.h
drivers\wdf\sdv\samples\SDV-FailDriver-WDM\driver\sdv\check\irqliopassive3\slic_externs.h
drivers\wdf\sdv\samples\SDV-FailDriver-WDM\driver\sdv\check\irqliopassive4\irqliopassive4.h
drivers\wdf\sdv\samples\SDV-FailDriver-WDM\driver\sdv\check\irqliopassive4\slic_externs.h
drivers\wdf\sdv\samples\SDV-FailDriver-WDM\driver\sdv\check\irqliopassive5\irqliopassive5.h
drivers\wdf\sdv\samples\SDV-FailDriver-WDM\driver\sdv\check\irqliopassive5\slic_externs.h
drivers\wdf\sdv\samples\SDV-FailDriver-WDM\driver\sdv\check\irqlkeapclte1\irqlkeapclte1.h
drivers\wdf\sdv\samples\SDV-FailDriver-WDM\driver\sdv\check\irqlkeapclte1\slic_externs.h
drivers\wdf\sdv\samples\SDV-FailDriver-WDM\driver\sdv\check\irqlkeapclte2\irqlkeapclte2.h
drivers\wdf\sdv\samples\SDV-FailDriver-WDM\driver\sdv\check\irqlkeapclte2\slic_externs.h
drivers\wdf\sdv\samples\SDV-FailDriver-WDM\driver\sdv\check\irqlkedispatchlte\irqlkedispatchlte.h
drivers\wdf\sdv\samples\SDV-FailDriver-WDM\driver\sdv\check\irqlkedispatchlte\slic_externs.h
drivers\wdf\sdv\samples\SDV-FailDriver-WDM\driver\sdv\check\irqlkeraiselower\irqlkeraiselower.h
drivers\wdf\sdv\samples\SDV-FailDriver-WDM\driver\sdv\check\irqlkeraiselower\slic_externs.h
drivers\wdf\sdv\samples\SDV-FailDriver-WDM\driver\sdv\check\irqlkeraiselower2\irqlkeraiselower2.h
drivers\wdf\sdv\samples\SDV-FailDriver-WDM\driver\sdv\check\irqlkeraiselower2\slic_externs.h
drivers\wdf\sdv\samples\SDV-FailDriver-WDM\driver\sdv\check\irqlkereleasespinlock\irqlkereleasespinlock.h
drivers\wdf\sdv\samples\SDV-FailDriver-WDM\driver\sdv\check\irqlkereleasespinlock\slic_externs.h
drivers\wdf\sdv\samples\SDV-FailDriver-WDM\driver\sdv\check\irqlkesetevent\slic_externs.h
drivers\wdf\sdv\samples\SDV-FailDriver-WDM\driver\sdv\check\irqlkewaitformultipleobjects\irqlkewaitformultipleobjects.h
drivers\wdf\sdv\samples\SDV-FailDriver-WDM\driver\sdv\check\irqlkewaitformultipleobjects\slic_externs.h
drivers\wdf\sdv\samples\SDV-FailDriver-WDM\driver\sdv\check\irqlkewaitformutexobject\irqlkewaitformutexobject.h
drivers\wdf\sdv\samples\SDV-FailDriver-WDM\driver\sdv\check\irqlkewaitformutexobject\slic_externs.h
drivers\wdf\sdv\samples\SDV-FailDriver-WDM\driver\sdv\check\irqlmmapclte\irqlmmapclte.h
drivers\wdf\sdv\samples\SDV-FailDriver-WDM\driver\sdv\check\irqlmmapclte\slic_externs.h
drivers\wdf\sdv\samples\SDV-FailDriver-WDM\driver\sdv\check\irqlmmdispatch\irqlmmdispatch.h
drivers\wdf\sdv\samples\SDV-FailDriver-WDM\driver\sdv\check\irqlmmdispatch\slic_externs.h
drivers\wdf\sdv\samples\SDV-FailDriver-WDM\driver\sdv\check\irqlobpassive\irqlobpassive.h
drivers\wdf\sdv\samples\SDV-FailDriver-WDM\driver\sdv\check\irqlobpassive\slic_externs.h
drivers\wdf\sdv\samples\SDV-FailDriver-WDM\driver\sdv\check\irqlpspassive\irqlpspassive.h
drivers\wdf\sdv\samples\SDV-FailDriver-WDM\driver\sdv\check\irqlpspassive\slic_externs.h
drivers\wdf\sdv\samples\SDV-FailDriver-WDM\driver\sdv\check\irqlreturn\slic_externs.h
drivers\wdf\sdv\samples\SDV-FailDriver-WDM\driver\sdv\check\irqlrtlapc\irqlrtlapc.h
drivers\wdf\sdv\samples\SDV-FailDriver-WDM\driver\sdv\check\irqlrtlpassive\irqlrtlpassive.h
drivers\wdf\sdv\samples\SDV-FailDriver-WDM\driver\sdv\check\irqlrtlpassive\slic_externs.h
drivers\wdf\sdv\samples\SDV-FailDriver-WDM\driver\sdv\check\irqlrtlpassive2\irqlrtlpassive2.h
drivers\wdf\sdv\samples\SDV-FailDriver-WDM\driver\sdv\check\irqlzwpassive\irqlzwpassive.h
drivers\wdf\sdv\samples\SDV-FailDriver-WDM\driver\sdv\check\irqlzwpassive\slic_externs.h
drivers\wdf\sdv\samples\SDV-FailDriver-WDM\driver\sdv\rules\wdm\irqlapclte.h
drivers\wdf\sdv\samples\SDV-FailDriver-WDM\driver\sdv\rules\wdm\irqldispatch.h
drivers\wdf\sdv\samples\SDV-FailDriver-WDM\driver\sdv\rules\wdm\irqlexallocatepool.h
drivers\wdf\sdv\samples\SDV-FailDriver-WDM\driver\sdv\rules\wdm\irqlexapclte1.h
drivers\wdf\sdv\samples\SDV-FailDriver-WDM\driver\sdv\rules\wdm\irqlexapclte2.h
drivers\wdf\sdv\samples\SDV-FailDriver-WDM\driver\sdv\rules\wdm\irqlexapclte3.h
drivers\wdf\sdv\samples\SDV-FailDriver-WDM\driver\sdv\rules\wdm\irqlexapclteinline.h
drivers\wdf\sdv\samples\SDV-FailDriver-WDM\driver\sdv\rules\wdm\irqlexpassive.h
drivers\wdf\sdv\samples\SDV-FailDriver-WDM\driver\sdv\rules\wdm\irqlioapclte.h
drivers\wdf\sdv\samples\SDV-FailDriver-WDM\driver\sdv\rules\wdm\irqliodispatch.h
drivers\wdf\sdv\samples\SDV-FailDriver-WDM\driver\sdv\rules\wdm\irqliopassive1.h
drivers\wdf\sdv\samples\SDV-FailDriver-WDM\driver\sdv\rules\wdm\irqliopassive2.h
drivers\wdf\sdv\samples\SDV-FailDriver-WDM\driver\sdv\rules\wdm\irqliopassive3.h
drivers\wdf\sdv\samples\SDV-FailDriver-WDM\driver\sdv\rules\wdm\irqliopassive4.h
drivers\wdf\sdv\samples\SDV-FailDriver-WDM\driver\sdv\rules\wdm\irqliopassive5.h
drivers\wdf\sdv\samples\SDV-FailDriver-WDM\driver\sdv\rules\wdm\irqlkeapclte1.h
drivers\wdf\sdv\samples\SDV-FailDriver-WDM\driver\sdv\rules\wdm\irqlkeapclte2.h
drivers\wdf\sdv\samples\SDV-FailDriver-WDM\driver\sdv\rules\wdm\irqlkedispatchlte.h
drivers\wdf\sdv\samples\SDV-FailDriver-WDM\driver\sdv\rules\wdm\irqlkeraiselower.h
drivers\wdf\sdv\samples\SDV-FailDriver-WDM\driver\sdv\rules\wdm\irqlkeraiselower2.h
drivers\wdf\sdv\samples\SDV-FailDriver-WDM\driver\sdv\rules\wdm\irqlkereleasespinlock.h
drivers\wdf\sdv\samples\SDV-FailDriver-WDM\driver\sdv\rules\wdm\irqlkewaitformultipleobjects.h
drivers\wdf\sdv\samples\SDV-FailDriver-WDM\driver\sdv\rules\wdm\irqlkewaitformutexobject.h
drivers\wdf\sdv\samples\SDV-FailDriver-WDM\driver\sdv\rules\wdm\irqlmmapclte.h
drivers\wdf\sdv\samples\SDV-FailDriver-WDM\driver\sdv\rules\wdm\irqlmmdispatch.h
drivers\wdf\sdv\samples\SDV-FailDriver-WDM\driver\sdv\rules\wdm\irqlobpassive.h
drivers\wdf\sdv\samples\SDV-FailDriver-WDM\driver\sdv\rules\wdm\irqlpspassive.h
drivers\wdf\sdv\samples\SDV-FailDriver-WDM\driver\sdv\rules\wdm\irqlrtlapc.h
drivers\wdf\sdv\samples\SDV-FailDriver-WDM\driver\sdv\rules\wdm\irqlrtlpassive.h
drivers\wdf\sdv\samples\SDV-FailDriver-WDM\driver\sdv\rules\wdm\irqlrtlpassive2.h
drivers\wdf\sdv\samples\SDV-FailDriver-WDM\driver\sdv\rules\wdm\irqlzwpassive.h
drivers\wdf\sdv\samples\SDV-FailDriver-WDM\driver\sdv\sdv-harness.c
drivers\wdf\shared\dclisr\driver\IsrDpc.c
drivers\wdf\shared\dclisr\driver\Precomp.h
drivers\wdf\shared\dclisr\driver\Read.c
drivers\wdf\shared\dclisr\driver\Write.c
drivers\wdf\shared\dclisr\lib\dclisr.c
drivers\wdf\shared\dclisr\lib\dclisr_cisr.c
drivers\wdf\shared\FrameworkExtTemplate\fx\sys\BkBreadApi.cpp
drivers\wdf\shared\FrameworkExtTemplate\fx\sys\BkPlantApi.cpp
drivers\wdf\shared\FrameworkExtTemplate\fx\sys\fxobject.h
drivers\wdf\shared\FrameworkExtTemplate\fx\sys\km\BkDynamics.h
drivers\wdf\shared\FrameworkExtTemplate\fx\sys\km\SmpfxDynamics.h
drivers\wdf\shared\FrameworkExtTemplate\fx\sys\SmpfxObjectApi.cpp
drivers\wdf\shared\FrameworkExtTemplate\fx\sys\um\BkDynamics.h
drivers\wdf\shared\FrameworkExtTemplate\fx\sys\um\SmpfxDynamics.h
drivers\wdf\shared\tests\MxPrimitives\lib\UseConstructs.cpp
drivers\wdf\shared\tests\unit\coverage\func\io.cpp
drivers\wdf\shared\tests\unit\coverage\func\toaster.cpp
drivers\wdf\shared\tests\unit\coverage\func\toaster.h
drivers\wdf\shared\tests\unit\coverage\inc\coverageCxPublic.h
drivers\wdf\shared\tests\unit\coverage\lfilter\Lfilter.cpp
drivers\wdf\shared\tests\unit\coverage\lfilter\Lfilter.h
drivers\wdf\shared\tests\unit\coverage\ufilter\ufilter.cpp
drivers\wdf\shared\tests\unit\coverage\ufilter\ufilter.h
drivers\wdf\shared\tests\unit\NativeUsbFx2\driver\Device.c
drivers\wdf\shared\tests\unit\NativeUsbFx2\driver\interrupt.c
drivers\wdf\shared\tests\unit\NativeUsbFx2\driver\ioctl.c
drivers\wdf\shared\tests\unit\NativeUsbFx2\driver\osrusbfx2.h
drivers\wdf\Simulators\HWA\GenericDevice\GenericDevice.CPP
drivers\wdf\Simulators\HWA\inc\SimulatorRedirectionProtocols.H
drivers\wdf\Simulators\HWA\InterruptPerfDevice\PerfDevice.CPP
drivers\wdf\Simulators\HWA\ResourceReporter\ResourceReporter.CPP
drivers\wdf\Simulators\HWA\SoftPlx\SoftPlx.CPP
drivers\wdf\Simulators\HWA\SoftSl8018\Soft8018.CPP
drivers\wdf\Simulators\kcom\APIEquivalence\KcomApiEquivalence.CPP
drivers\wdf\Simulators\kcom\inc\IKCOMProvideClassInfo.H
drivers\wdf\Simulators\kcom\inc\KcomApiEquivalence.H
drivers\wdf\Simulators\kcom\inc\KcomDefs.H
drivers\wdf\Simulators\kcom\inc\KcomObjMap.H
drivers\wdf\Simulators\kcom\inc\KComObjMapImpl.H
drivers\wdf\Simulators\kcom\inc\KcomUtilImpl.H
drivers\wdf\Simulators\kcom\inc\WdfQa.Kcom.H
drivers\wdf\Simulators\QaRoot\Arbiter.CPP
drivers\wdf\Simulators\QaRoot\Arbiter.H
drivers\wdf\Simulators\QaRoot\GlobalState.H
drivers\wdf\Simulators\QaRoot\IoRedirection.CPP
drivers\wdf\Simulators\QaRoot\IoRedirection.H
drivers\wdf\Simulators\QaRoot\QaRoot.cpp
drivers\wdf\Simulators\QaRoot\SahaHandlers.CPP
drivers\wdf\Simulators\QaRoot\SahaInterrupts.CPP
drivers\wdf\Simulators\usb\inc\SimulatedUSBDevice.H
drivers\wdf\Simulators\usb\USBCore\USBDevice.CPP
drivers\wdf\Tests\HardwareAccess\Drivers\Function\HwaTestDriver.CPP
drivers\wdf\Tests\HardwareAccess\Drivers\InterruptPerf\InterruptPerf.CPP
drivers\wdf\Tests\HardwareAccess\Drivers\InterruptPerf\InterruptPerf.H
drivers\wdf\Tests\HardwareAccess\Inc\TestDriver.H
drivers\wdf\Tests\HardwareAccess\PerfCollector\Collector.CPP
drivers\wdf\Tests\HardwareAccess\TestDll\HardwareAccessTest.CPP
drivers\wdf\Tests\HardwareAccess\TestDll\HardwareAccessTest.H
drivers\wdf\Tools\WdfQaKd\DebuggerInterface.CPP
drivers\wdf\Tools\WdfQaKd\WdfQaKd.CPP
drivers\wdf\umdf\DriverHost\dbgext\WdfHardwareExt.cpp
drivers\wdf\umdf\DriverHost\Framework\V1\FxToSharedInterface\FxIrp\FxIrpUm.cpp
drivers\wdf\umdf\DriverHost\Framework\V1\inc\UfxObject.h
drivers\wdf\umdf\DriverHost\Framework\V1\inc\wdfDevicePnp.h
drivers\wdf\umdf\DriverHost\Framework\V1\inc\wudfwdm-snapshot.h
drivers\wdf\umdf\DriverHost\Framework\V1\minkernel_shared_v11\inc\primitives\common\MxGeneral.h
drivers\wdf\umdf\DriverHost\Framework\V1\minkernel_shared_v11\inc\primitives\common\MxLock.h
drivers\wdf\umdf\DriverHost\Framework\V1\minkernel_shared_v11\inc\primitives\common\MxPagedLock.h
drivers\wdf\umdf\DriverHost\Framework\V1\minkernel_shared_v11\inc\primitives\km\MxGeneralKm.h
drivers\wdf\umdf\DriverHost\Framework\V1\minkernel_shared_v11\inc\primitives\km\MxLockKm.h
drivers\wdf\umdf\DriverHost\Framework\V1\minkernel_shared_v11\inc\primitives\km\MxPagedLockKm.h
drivers\wdf\umdf\DriverHost\Framework\V1\minkernel_shared_v11\inc\primitives\um\MxGeneralUm.h
drivers\wdf\umdf\DriverHost\Framework\V1\minkernel_shared_v11\inc\primitives\um\MxLockUm.h
drivers\wdf\umdf\DriverHost\Framework\V1\minkernel_shared_v11\inc\primitives\um\MxUm.h
drivers\wdf\umdf\DriverHost\Framework\V1\minkernel_shared_v11\inc\private\common\fxverifier.h
drivers\wdf\umdf\DriverHost\Framework\V1\minkernel_shared_v11\inc\private\um\interrupt_common.h
drivers\wdf\umdf\DriverHost\Framework\V1\minkernel_shared_v11\inc\private\um\wudfwdm_private.h
drivers\wdf\umdf\DriverHost\Framework\V1\minkernel_shared_v11\irphandlers\pnp\DevicePwrReqStateMachine.cpp
drivers\wdf\umdf\DriverHost\Framework\V1\minkernel_shared_v11\irphandlers\pnp\EventQueue.cpp
drivers\wdf\umdf\DriverHost\Framework\V1\minkernel_shared_v11\irphandlers\pnp\fdopower.cpp
drivers\wdf\umdf\DriverHost\Framework\V1\minkernel_shared_v11\irphandlers\pnp\FxInterruptApi.cpp
drivers\wdf\umdf\DriverHost\Framework\V1\minkernel_shared_v11\irphandlers\pnp\fxpkgfdo.cpp
drivers\wdf\umdf\DriverHost\Framework\V1\minkernel_shared_v11\irphandlers\pnp\FxPkgPdo.cpp
drivers\wdf\umdf\DriverHost\Framework\V1\minkernel_shared_v11\irphandlers\pnp\FxPkgPnp.cpp
drivers\wdf\umdf\DriverHost\Framework\V1\minkernel_shared_v11\irphandlers\pnp\InterruptObject.cpp
drivers\wdf\umdf\DriverHost\Framework\V1\minkernel_shared_v11\irphandlers\pnp\PdoPower.cpp
drivers\wdf\umdf\DriverHost\Framework\V1\minkernel_shared_v11\irphandlers\pnp\PnpStateMachine.cpp
drivers\wdf\umdf\DriverHost\Framework\V1\minkernel_shared_v11\irphandlers\pnp\PowerIdleStateMachine.cpp
drivers\wdf\umdf\DriverHost\Framework\V1\minkernel_shared_v11\irphandlers\pnp\PowerPolicyStateMachine.cpp
drivers\wdf\umdf\DriverHost\Framework\V1\minkernel_shared_v11\irphandlers\pnp\PowerStateMachine.cpp
drivers\wdf\umdf\DriverHost\Framework\V1\minkernel_shared_v11\irphandlers\pnp\PoxInterface.cpp
drivers\wdf\umdf\DriverHost\Framework\V1\minkernel_shared_v11\irphandlers\pnp\um\PnpStateMachineUm.cpp
drivers\wdf\umdf\DriverHost\Framework\V1\minkernel_shared_v11\irphandlers\pnp\um\PowerPolicyStateMachineUM.cpp
drivers\wdf\umdf\DriverHost\Framework\V1\minkernel_shared_v11\irphandlers\pnp\umstubs\FxTransactionedList.cpp
drivers\wdf\umdf\DriverHost\Framework\V1\minkernel_shared_v11\object\FxObject.cpp
drivers\wdf\umdf\DriverHost\Framework\V1\minkernel_shared_v11\object\FxObjectAPI.cpp
drivers\wdf\umdf\DriverHost\Framework\V1\minkernel_shared_v11\object\FxObjectStateMachine.cpp
drivers\wdf\umdf\DriverHost\Framework\V1\minkernel_shared_v11\object\fxtagtracker.cpp
drivers\wdf\umdf\DriverHost\Framework\V1\minkernel_shared_v11\object\FxUserObjectApi.cpp
drivers\wdf\umdf\DriverHost\Framework\V1\minkernel_shared_v11\object\FxVerifierLock.cpp
drivers\wdf\umdf\DriverHost\Framework\V1\minkernel_shared_v11\object\globals.cpp
drivers\wdf\umdf\DriverHost\Framework\V1\minkernel_shared_v11\object\HandleAPI.cpp
drivers\wdf\umdf\DriverHost\Framework\V1\minkernel_shared_v11\object\wdfpool.cpp
drivers\wdf\umdf\DriverHost\Framework\V1\minkernel_shared_v11\support\FxDeviceText.cpp
drivers\wdf\umdf\DriverHost\Framework\V1\minkernel_shared_v11\support\FxResourceCollection.cpp
drivers\wdf\umdf\DriverHost\Framework\V1\minkernel_shared_v11\support\um\FxRegKeyUM.cpp
drivers\wdf\umdf\DriverHost\Framework\V1\minkernel_umdf_v11\version\FxDynamics.h
drivers\wdf\umdf\DriverHost\Framework\V1\minkernel_umdf_v11\version\kmdf\FxDynamics.h
drivers\wdf\umdf\DriverHost\Framework\V1\wudf\InterruptObjectUm.cpp
drivers\wdf\umdf\DriverHost\Framework\V1\wudf\UfxInterrupt.cpp
drivers\wdf\umdf\DriverHost\Framework\V1\wudf\UfxInterrupt.h
drivers\wdf\umdf\DriverHost\Framework\V1\wudf\WdfIoQueue.cpp
drivers\wdf\umdf\DriverHost\Framework\V1\wudf\WdfRemoteInterfaceList.h
drivers\wdf\umdf\DriverHost\Framework\V1\wudf\WdfRequestQueue.h
drivers\wdf\umdf\DriverHost\Framework\V1\wudf\WdfResources.h
drivers\wdf\umdf\Samples\Internal\flatc\inc\WudfMyCx.h
drivers\wdf\umdf\Samples\Public\1394vdev_hybrid\kmdf\kmdf_vdev_api.c
drivers\wdf\umdf\Samples\Public\1394vdev_hybrid\kmdf\kmdf_vdev_async.c
drivers\wdf\umdf\Samples\Public\1394vdev_hybrid\kmdf\kmdf_vdev_isoch.c
drivers\wdf\umdf\Samples\Public\1394vdev_hybrid\kmdf\kmdf_vdev_pnp.c
drivers\wdf\umdf\Samples\Public\1394vdev_hybrid\kmdf\kmdf_vdev_sample.h
drivers\wdf\umdf\Samples\Public\1394vdev_hybrid\kmdf\kmdf_vdev_utils.c
drivers\wdf\umdf\tests\DDITests\Common\Inc\IWdfDeviceDdi.h
drivers\wdf\umdf\tests\HardwareAccess\unit\msitest\driver\Device.cpp
drivers\wdf\umdf\tests\Impersonation\kmdriver\filter.cpp
drivers\wdf\umdf\tests\kmdf\unit\IOTarget\FormatOpt\PreformatFilter\SaProxy.cpp
drivers\wdf\umdf\tests\lpc\lpcdrv\incomplete1.c
drivers\wdf\umdf\tests\lpc\lpcdrv\lpctest.cpp
drivers\wdf\umdf\tests\redirector\KMClient\KMDrv\NullFile.c
drivers\wdf\umdf\tests\TestAutomation\Drivers\ToasterBus\busenum.c
drivers\wdf\umdf\tests\TestAutomation\Drivers\ToasterBus\busenum.h
drivers\wdf\umdf\tests\TestAutomation\Drivers\ToasterBus\buspdo.c
drivers\wdf\umdf\tests\TestAutomation\Drivers\ToasterBus\pnp.c
drivers\wdf\umdf\tests\TestAutomation\Drivers\ToasterBus\power.c
drivers\wdf\umdf\tests\TestAutomation\TestApp\TestCases\WdfRegistryTests\driver\timertest.c
drivers\wdf\umdf\tests\TestAutomation\TestApp\TestCases\WdfRegistryTests\driver\timertest.h
drivers\wdm\1394\1394ohci\asyncrx.cpp
drivers\wdm\1394\1394ohci\asynctx.cpp
drivers\wdm\1394\1394ohci\baseclass.cpp
drivers\wdm\1394\1394ohci\childdevice.cpp
drivers\wdm\1394\1394ohci\configrom.cpp
drivers\wdm\1394\1394ohci\dispatch.cpp
drivers\wdm\1394\1394ohci\interrupt.cpp
drivers\wdm\1394\1394ohci\ioworkers.cpp
drivers\wdm\1394\1394ohci\isoch.cpp
drivers\wdm\1394\1394ohci\isochrx.cpp
drivers\wdm\1394\1394ohci\isochtx.cpp
drivers\wdm\1394\1394ohci\ohcidevice.cpp
drivers\wdm\1394\1394ohci\ohcidriver.cpp
drivers\wdm\1394\1394ohci\phy.cpp
drivers\wdm\1394\1394ohci\register.cpp
drivers\wdm\1394\1394ohci\topology.cpp
drivers\wdm\1394\1394ohci\virtualdevices.cpp
drivers\wdm\1394\1394ohci\wmi.cpp
drivers\wdm\1394\bus\1394bus.c
drivers\wdm\1394\bus\busdef.h
drivers\wdm\1394\bus\busirp.c
drivers\wdm\1394\bus\busisoch.c
drivers\wdm\1394\bus\busmap.c
drivers\wdm\1394\bus\buspnp.c
drivers\wdm\1394\bus\wmi.c
drivers\wdm\1394\debug\1394kdbg\1394.c
drivers\wdm\1394\debug\1394kdbg\1394kd.c
drivers\wdm\1394\debug\1394kdbg\1394kdbg.c
drivers\wdm\1394\debug\1394kdbg\1394kdbg.h
drivers\wdm\1394\port\openhci\interrup.c
drivers\wdm\1394\port\openhci\ohciirp.c
drivers\wdm\1394\port\openhci\ohcipnp.c
drivers\wdm\1394\port\openhci\ohcisft.h
drivers\wdm\1394\port\openhci\ohcisoch.c
drivers\wdm\1394\port\openhci\openhci.c
drivers\wdm\1394\protocol\61883\1394.c
drivers\wdm\1394\protocol\61883\61883.c
drivers\wdm\1394\protocol\61883\cip.c
drivers\wdm\1394\protocol\61883\cip.h
drivers\wdm\1394\protocol\61883\cmp.c
drivers\wdm\1394\protocol\61883\fcp.c
drivers\wdm\1394\protocol\61883\pnppower.c
drivers\wdm\1394\protocol\avc\avc.c
drivers\wdm\1394\protocol\avc\avclib.c
drivers\wdm\1394\protocol\avc\pnp.c
drivers\wdm\1394\samples\1394\driver\1394api.c
drivers\wdm\1394\samples\1394\driver\1394samp.h
drivers\wdm\1394\samples\1394\driver\asyncapi.c
drivers\wdm\1394\samples\1394\driver\isochapi.c
drivers\wdm\1394\samples\1394\driver\pnp.c
drivers\wdm\1394\samples\1394\driver\util.c
drivers\wdm\1394\samples\1394vdev_hybrid\kmdf\kmdf_vdev_api.c
drivers\wdm\1394\samples\1394vdev_hybrid\kmdf\kmdf_vdev_async.c
drivers\wdm\1394\samples\1394vdev_hybrid\kmdf\kmdf_vdev_isoch.c
drivers\wdm\1394\samples\1394vdev_hybrid\kmdf\kmdf_vdev_pnp.c
drivers\wdm\1394\samples\1394vdev_hybrid\kmdf\kmdf_vdev_sample.h
drivers\wdm\1394\samples\1394vdev_hybrid\kmdf\kmdf_vdev_utils.c
drivers\wdm\1394\tools\test\driver\1394diag\1394diag.c
drivers\wdm\1394\tools\test\driver\1394diag\1394diag.h
drivers\wdm\1394\tools\test\driver\1394diag\ioctl.c
drivers\wdm\1394\tools\test\driver\1394diag\pnp.c
drivers\wdm\1394\tools\test\driver\1394diag\power.c
drivers\wdm\1394\tools\test\driver\1394vdev\1394vdev.c
drivers\wdm\1394\tools\test\driver\1394vdev\1394vdev.h
drivers\wdm\1394\tools\test\driver\1394vdev\ioctl.c
drivers\wdm\1394\tools\test\driver\1394vdev\pnp.c
drivers\wdm\1394\tools\test\driver\1394vdev\power.c
drivers\wdm\1394\tools\test\driver\common\1394api.c
drivers\wdm\1394\tools\test\driver\common\asyncapi.c
drivers\wdm\1394\tools\test\driver\common\isochapi.c
drivers\wdm\1394\tools\test\driver\common\util.c
drivers\wdm\1394\unittests\sys\busrequest.cpp
drivers\wdm\1394\unittests\sys\isoch.cpp
drivers\wdm\1394\unittests\sys\physicaldevice.cpp
drivers\wdm\1394\unittests\sys\virtualdevice.cpp
drivers\wdm\audio\backpln\adapters\aevad\adapter.cpp
drivers\wdm\audio\backpln\adapters\aevad\aesampleWaveRt\mintopo.cpp
drivers\wdm\audio\backpln\adapters\aevad\aesampleWaveRt\minwavert.cpp
drivers\wdm\audio\backpln\adapters\aevad_t\aesample\mintopo.cpp
drivers\wdm\audio\backpln\adapters\aevad_t\aesample\minwavecyclic.cpp
drivers\wdm\audio\backpln\adapters\aevad_t\aesample\minwavert.cpp
drivers\wdm\audio\backpln\adapters\aevad_t\basedma.cpp
drivers\wdm\audio\backpln\adapters\aevad_t\basewave.cpp
drivers\wdm\audio\backpln\adapters\aevad_t\savedata.cpp
drivers\wdm\audio\backpln\adapters\aevad_t\savedata.h
drivers\wdm\audio\backpln\adapters\DMusic\midi.cpp
drivers\wdm\audio\backpln\adapters\DMusic\miniport.cpp
drivers\wdm\audio\backpln\adapters\DMusic\synth.h
drivers\wdm\audio\backpln\adapters\HDAudio\Shared\Inc\listops.h
drivers\wdm\audio\backpln\adapters\HDAudio\Shared\Inc\robust.h
drivers\wdm\audio\backpln\adapters\HDAudio\Tools\AzExplore\_UKlist.h
drivers\wdm\audio\backpln\adapters\HDAudio\Tools\HDKdExt\acpi.c
drivers\wdm\audio\backpln\adapters\HDAudio\Tools\HDKdExt\amli.c
drivers\wdm\audio\backpln\adapters\HDAudio\Tools\HDKdExt\cc.c
drivers\wdm\audio\backpln\adapters\HDAudio\Tools\HDKdExt\cpuinfo.cpp
drivers\wdm\audio\backpln\adapters\HDAudio\Tools\HDKdExt\deadlock.c
drivers\wdm\audio\backpln\adapters\HDAudio\Tools\HDKdExt\help.c
drivers\wdm\audio\backpln\adapters\HDAudio\Tools\HDKdExt\ioverifier.c
drivers\wdm\audio\backpln\adapters\HDAudio\Tools\HDKdExt\irp.c
drivers\wdm\audio\backpln\adapters\HDAudio\Tools\HDKdExt\locks.c
drivers\wdm\audio\backpln\adapters\HDAudio\Tools\HDKdExt\lookasid.c
drivers\wdm\audio\backpln\adapters\HDAudio\Tools\HDKdExt\memory.c
drivers\wdm\audio\backpln\adapters\HDAudio\Tools\HDKdExt\precomp.h
drivers\wdm\audio\backpln\adapters\HDAudio\Tools\HDKdExt\process.cpp
drivers\wdm\audio\backpln\adapters\HDAudio\Tools\HDKdExt\qlocks.c
drivers\wdm\audio\backpln\adapters\HDAudio\Tools\HDKdExt\verifier.c
drivers\wdm\audio\backpln\adapters\intel\ichaud\common.cpp
drivers\wdm\audio\backpln\adapters\intel\ichaud\ichwave.cpp
drivers\wdm\audio\backpln\adapters\intel\ichaud\shared.h
drivers\wdm\audio\backpln\adapters\intel\ichaud\wavepcistream.cpp
drivers\wdm\audio\backpln\adapters\msvad\ac3\mintopo.cpp
drivers\wdm\audio\backpln\adapters\msvad\ac3\minwave.cpp
drivers\wdm\audio\backpln\adapters\msvad\basedma.cpp
drivers\wdm\audio\backpln\adapters\msvad\basewave.cpp
drivers\wdm\audio\backpln\adapters\msvad\drmmult\mintopo.cpp
drivers\wdm\audio\backpln\adapters\msvad\drmmult\minwave.cpp
drivers\wdm\audio\backpln\adapters\msvad\drmsimp\mintopo.cpp
drivers\wdm\audio\backpln\adapters\msvad\drmsimp\minwave.cpp
drivers\wdm\audio\backpln\adapters\msvad\ds2dhw\mintopo.cpp
drivers\wdm\audio\backpln\adapters\msvad\ds2dhw\minwave.cpp
drivers\wdm\audio\backpln\adapters\msvad\dynamic\mintopo.cpp
drivers\wdm\audio\backpln\adapters\msvad\dynamic\minwave.cpp
drivers\wdm\audio\backpln\adapters\msvad\micarray\mintopo.cpp
drivers\wdm\audio\backpln\adapters\msvad\micarray\minwave.cpp
drivers\wdm\audio\backpln\adapters\msvad\multstr\mintopo.cpp
drivers\wdm\audio\backpln\adapters\msvad\multstr\minwave.cpp
drivers\wdm\audio\backpln\adapters\msvad\pcmex\mintopo.cpp
drivers\wdm\audio\backpln\adapters\msvad\pcmex\minwave.cpp
drivers\wdm\audio\backpln\adapters\msvad\savedata.cpp
drivers\wdm\audio\backpln\adapters\msvad\savedata.h
drivers\wdm\audio\backpln\adapters\msvad\simple\mintopo.cpp
drivers\wdm\audio\backpln\adapters\msvad\simple\minwave.cpp
drivers\wdm\audio\drivers\VirtualMidi\DbgLog.h
drivers\wdm\audio\drivers\VirtualMidi\Debug.c
drivers\wdm\audio\drivers\VirtualMidi\Device.c
drivers\wdm\audio\drivers\VirtualMidi\Device.h
drivers\wdm\audio\drivers\VirtualMidi\driver\USBAudio.h
drivers\wdm\audio\drivers\VirtualMidi\driver\usbcaptr.c
drivers\wdm\audio\drivers\VirtualMidi\driver\USBHw.c
drivers\wdm\audio\drivers\VirtualMidi\driver\USBMidiIn.c
drivers\wdm\audio\drivers\VirtualMidi\driver\USBMidiOut.c
drivers\wdm\audio\drivers\VirtualMidi\driver\USBType1.c
drivers\wdm\audio\drivers\VirtualMidi\driver\USBType2.c
drivers\wdm\audio\drivers\VirtualMidi\driver\USBType3.c
drivers\wdm\audio\drivers\VirtualMidi\Pin.c
drivers\wdm\audio\drivers\VirtualMidi\Proto.h
drivers\wdm\audio\drivers\VirtualMidi\queue.c
drivers\wdm\audio\filters\samples\gfxswap\driver\common.h
drivers\wdm\audio\filters\samples\gfxswap\driver\pin.cpp
drivers\wdm\BDA\BdaSup\bdatopgy.c
drivers\wdm\BDA\mpe\mpe.c
drivers\wdm\BDA\mpe\mpe.h
drivers\wdm\bluetooth\drivers\bthprint\bthprint.c
drivers\wdm\bluetooth\drivers\bthprint\control.c
drivers\wdm\bluetooth\drivers\bthprint\data.c
drivers\wdm\bluetooth\drivers\bthprint\ioctl.c
drivers\wdm\bluetooth\drivers\bthprint\ocrw.c
drivers\wdm\bluetooth\drivers\hyperv\bthvmbus\sys\fdo.c
drivers\wdm\bluetooth\drivers\hyperv\bthvmbus\sys\io.c
drivers\wdm\bluetooth\drivers\hyperv\bthvmusb\sys\bip.c
drivers\wdm\bluetooth\drivers\hyperv\bthvmusb\sys\bip.h
drivers\wdm\bluetooth\drivers\hyperv\bthvmusb\sys\bthusb.c
drivers\wdm\bluetooth\drivers\hyperv\bthvmusb\sys\bthusb.h
drivers\wdm\bluetooth\drivers\hyperv\bthvmusb\sys\device.c
drivers\wdm\bluetooth\drivers\hyperv\bthvmusb\sys\ScoUsb.c
drivers\wdm\bluetooth\drivers\hyperv\bthvmusb\sys\ScoUsb.h
drivers\wdm\bluetooth\drivers\hyperv\bthvmusb\sys\ScoUsbRead.c
drivers\wdm\bluetooth\drivers\hyperv\bthvmusb\sys\ScoUsbWrite.c
drivers\wdm\bluetooth\drivers\hyperv\bthvmusb\sys\stackio.c
drivers\wdm\bluetooth\drivers\hyperv\bthvmusb\sys\usb.c
drivers\wdm\bluetooth\drivers\tdi\bthtdi\bthTdi.c
drivers\wdm\bluetooth\drivers\tdi\bthtdi\bthtdibrb.c
drivers\wdm\bluetooth\drivers\tdi\modem\bthmodem\internal.h
drivers\wdm\bluetooth\drivers\tdi\modem\bthmodem\ioctl.c
drivers\wdm\bluetooth\drivers\tdi\modem\bthmodem\mask.c
drivers\wdm\bluetooth\drivers\tdi\modem\bthmodem\openclos.c
drivers\wdm\bluetooth\drivers\tdi\modem\bthmodem\pnp.c
drivers\wdm\bluetooth\drivers\tdi\modem\bthmodem\queue.c
drivers\wdm\bluetooth\drivers\tdi\modem\bthmodem\read.c
drivers\wdm\bluetooth\drivers\tdi\modem\link\link.c
drivers\wdm\bluetooth\drivers\tdi\modem\vuart\control.c
drivers\wdm\bluetooth\drivers\tdi\modem\vuart\send.c
drivers\wdm\bluetooth\drivers\tdi\modem\vuart\tdi.c
drivers\wdm\bluetooth\samples\bthecho\bthcli\sys\client.c
drivers\wdm\bluetooth\samples\bthecho\bthcli\sys\client.h
drivers\wdm\bluetooth\samples\bthecho\bthsrv\sys\device.c
drivers\wdm\bluetooth\samples\bthecho\bthsrv\sys\device.h
drivers\wdm\bluetooth\samples\bthecho\bthsrv\sys\echo.c
drivers\wdm\bluetooth\samples\bthecho\bthsrv\sys\echo.h
drivers\wdm\bluetooth\samples\bthecho\bthsrv\sys\server.c
drivers\wdm\bluetooth\samples\bthecho\bthsrv\sys\server.h
drivers\wdm\bluetooth\samples\bthecho\common\inc\clisrv.h
drivers\wdm\bluetooth\samples\bthecho\common\inc\connection.h
drivers\wdm\bluetooth\samples\bthecho\common\lib\clisrv.c
drivers\wdm\bluetooth\samples\bthecho\common\lib\connection.c
drivers\wdm\bluetooth\samples\serialhcibus\driver.h
drivers\wdm\bluetooth\samples\serialhcibus\Fdo.c
drivers\wdm\bluetooth\samples\serialhcibus\io.c
drivers\wdm\bluetooth\test\hidBthSim\device\device.c
drivers\wdm\bluetooth\test\hidBthSim\device\device.h
drivers\wdm\bluetooth\test\Mjolnir\Legacy\src\hardenL2cap.cpp
drivers\wdm\capture\mini\1394dcam\callback.c
drivers\wdm\capture\mini\1394dcam\ctrlpkt.c
drivers\wdm\capture\mini\1394dcam\datapkt.c
drivers\wdm\capture\mini\1394dcam\device.c
drivers\wdm\capture\mini\1394dcam\sonydcam.c
drivers\wdm\capture\mini\avcstrm\avcutil.c
drivers\wdm\capture\mini\avcstrm\filter.c
drivers\wdm\capture\mini\avcstrm\pnp.c
drivers\wdm\capture\mini\avcstrm\stream.c
drivers\wdm\capture\mini\msdv\avcmdsrv.c
drivers\wdm\capture\mini\msdv\msdvavc.c
drivers\wdm\capture\mini\msdv\msdvguts.c
drivers\wdm\capture\mini\msdv\msdvlowr.c
drivers\wdm\capture\mini\msdv\msdvuppr.c
drivers\wdm\capture\mini\msdv\msdvutil.c
drivers\wdm\capture\mini\mstape\MsTpavc.c
drivers\wdm\capture\mini\mstape\MsTpguts.c
drivers\wdm\capture\mini\mstape\MsTpuppr.c
drivers\wdm\capture\mini\mstape\MsTputil.c
drivers\wdm\capture\mini\testcap\capmain.c
drivers\wdm\capture\mini\testcap\capmain.h
drivers\wdm\capture\mini\testcap\capvbi.c
drivers\wdm\capture\mini\testcap\capvideo.c
drivers\wdm\capture\mini\testcap\capxfer.c
drivers\wdm\capture\mini\usbcamd\usbcamd\intbulk.c
drivers\wdm\capture\mini\usbcamd\usbcamd\iso.c
drivers\wdm\capture\mini\usbcamd\usbcamd\reset.c
drivers\wdm\capture\mini\usbcamd\usbcamd\stream.c
drivers\wdm\capture\mini\usbcamd\usbcamd\usbcamd.c
drivers\wdm\capture\mini\usbcamd\usbcamd\usbcamd.h
drivers\wdm\capture\mini\usbvideo\sys\device.c
drivers\wdm\capture\mini\usbvideo\sys\hardware.c
drivers\wdm\capture\mini\usbvideo\sys\proto.h
drivers\wdm\capture\mini\usbvideo\sys\queue.c
drivers\wdm\capture\mini\usbvideo\sys\usbvideo.h
drivers\wdm\dvd\class\codcls.h
drivers\wdm\dvd\class\codguts.c
drivers\wdm\dvd\class\codinit.c
drivers\wdm\dvd\class\DMA64.CPP
drivers\wdm\dvd\class\lowerapi.c
drivers\wdm\dvd\class\upperapi.c
drivers\wdm\ir\circlass\irclass.h
drivers\wdm\ir\circlass\ircpdo.c
drivers\wdm\ir\smscir\dpc.c
drivers\wdm\ir\smscir\io.c
drivers\wdm\ir\smscir\pnp.c
drivers\wdm\ir\smscir\smscir.h
drivers\wdm\ir\usbcir\bootloader.c
drivers\wdm\ir\usbcir\interrupt.c
drivers\wdm\ir\usbcir\io.c
drivers\wdm\ir\usbcir\pnp.c
drivers\wdm\ir\usbcir\snowball.c
drivers\wdm\ir\usbcir\usbir.h
drivers\wdm\usb\driver\usb2dbg\dbg.c
drivers\wdm\usb\driver\usb2dbg\dbg.h
drivers\wdm\usb\driver\usb2dbg\ocrw.c
drivers\wdm\usb\driver\usb2dbg\usb2dbg.c
drivers\wdm\usb\driver\usb2dbg\usb2dbg.h
drivers\wdm\usb\driver\usbnet\dbg.c
drivers\wdm\usb\driver\usbnet\dbg.h
drivers\wdm\usb\driver\usbnet\kdnic.c
drivers\wdm\usb\driver\usbnet\ocrw.c
drivers\wdm\usb\driver\usbnet\usbnet.c
drivers\wdm\usb\driver\usbnet\usbnet.h
drivers\wdm\usb\samples\private\fx2perf\Device.c
drivers\wdm\usb\samples\private\fx2perf\interrupt.c
drivers\wdm\usb\samples\private\fx2perf\ioctl.c
drivers\wdm\usb\samples\private\fx2perf\osrusbfx2.h
drivers\wdm\usb\samples\private\i82930\sys\dbg.c
drivers\wdm\usb\samples\private\i82930\sys\dbg.h
drivers\wdm\usb\samples\private\i82930\sys\I82930.C
drivers\wdm\usb\samples\private\i82930\sys\ocrw.c
drivers\wdm\usb\samples\private\i82930\sys\testcode.c
drivers\wdm\usb\samples\private\net2280\kmdfsys\ioctl.c
drivers\wdm\usb\samples\private\net2280\kmdfsys\net2280.c
drivers\wdm\usb\samples\private\net2280\kmdfsys\net2280.h
drivers\wdm\usb\samples\public\osrusbfx2\sys\enumswitches\Device.c
drivers\wdm\usb\samples\public\osrusbfx2\sys\enumswitches\driver.c
drivers\wdm\usb\samples\public\osrusbfx2\sys\enumswitches\interrupt.c
drivers\wdm\usb\samples\public\osrusbfx2\sys\enumswitches\osrusbfx2.h
drivers\wdm\usb\samples\public\osrusbfx2\sys\enumswitches\rawpdo.c
drivers\wdm\usb\samples\public\osrusbfx2\sys\final\kmdf\Device.c
drivers\wdm\usb\samples\public\osrusbfx2\sys\final\kmdf\driver.c
drivers\wdm\usb\samples\public\osrusbfx2\sys\final\kmdf\interrupt.c
drivers\wdm\usb\samples\public\osrusbfx2\sys\final\kmdf\ioctl.c
drivers\wdm\usb\samples\public\osrusbfx2\sys\final\kmdf\osrusbfx2.h
drivers\wdm\usb\samples\public\osrusbfx2\sys\final\umdf2\Device.c
drivers\wdm\usb\samples\public\osrusbfx2\sys\final\umdf2\interrupt.c
drivers\wdm\usb\samples\public\osrusbfx2\sys\final\umdf2\ioctl.c
drivers\wdm\usb\samples\public\osrusbfx2\sys\final\umdf2\osrusbfx2.h
drivers\wdm\usb\samples\public\UcmCxUcsi\Acpi.cpp
drivers\wdm\usb\samples\public\UcmCxUcsi\Acpi.h
drivers\wdm\usb\samples\public\UcmCxUcsi\Fdo.cpp
drivers\wdm\usb\samples\public\UcmCxUcsi\Fdo.h
drivers\wdm\usb\samples\public\UcmCxUcsi\Ppm.cpp
drivers\wdm\usb\samples\public\UcmCxUcsi\Ppm.h
drivers\wdm\usb\samples\public\UcmCxUcsi\UcmNotifications.cpp
drivers\wdm\usb\samples\public\UcmCxUcsi\ucmnotifications.h
drivers\wdm\usb\samples\public\UcmTcpciCxClientSample\Driver.cpp
drivers\wdm\usb\samples\public\UcmTcpciCxClientSample\I2C.cpp
drivers\wdm\usb\samples\public\usbsamp\sys\device.c
drivers\wdm\usb\samples\public\usbsamp\sys\queue.c
drivers\wdm\usb\usb3\ude\client\hidi2c\bus.cpp
drivers\wdm\usb\usb3\ude\client\hidi2c\bus.h
drivers\wdm\usb\usb3\ude\client\hidi2c\driver.cpp
drivers\wdm\usb\usb3\ude\client\hidi2c\io.cpp
drivers\wdm\usb\usb3\ude\client\hidi2c\io.h
drivers\wdm\usb\usb3\ude\client\hidi2c\misc.cpp
drivers\wdm\usb\usb3\ude\client\hidi2c\misc.h
drivers\wdm\usb\usb3\ude\client\sample\driver.cpp
drivers\wdm\usb\usb3\ude\client\sample\io.cpp
drivers\wdm\usb\usb3\ude\client\sample\io.h
drivers\wdm\usb\usb3\ude\client\udeskeleton\driver.cpp
drivers\wdm\usb\usb3\ude\client\udeskeleton\io.cpp
drivers\wdm\usb\usb3\ude\client\udeskeleton\io.h
drivers\wdm\usb\usbfn\client\ufxclientsample\defaultqueue.c
drivers\wdm\usb\usbfn\client\ufxclientsample\defaultqueue.h
drivers\wdm\usb\usbfn\client\ufxclientsample\device.c
drivers\wdm\usb\usbfn\client\ufxclientsample\device.h
drivers\wdm\usb\usbfn\client\ufxclientsample\event.c
drivers\wdm\usb\usbfn\client\ufxclientsample\event.h
drivers\wdm\usb\usbfn\client\ufxclientsample\interrupt.c
drivers\wdm\usb\usbfn\client\ufxclientsample\interrupt.h
drivers\wdm\usb\usbfn\client\ufxclientsample\registers.c
drivers\wdm\usb\usbfn\client\ufxclientsample\registers.h
drivers\wdm\usb\usbfn\client\ufxclientsample\transfer.c
drivers\wdm\usb\usbfn\client\ufxclientsample\transfer.h
drivers\wdm\usb\usbfn\client\ufxclientsample\ufxdevice.c
drivers\wdm\usb\usbfn\client\ufxclientsample\ufxdevice.h
drivers\wdm\usb\usbfn\client\ufxclientsample\ufxendpoint.c
drivers\wdm\usb\usbfn\client\ufxclientsample\ufxendpoint.h
drivers\wdm\usb\usbfn\test\UsbFnTestClass\src\callbacks.c
drivers\wdm\usb\usbfn\test\UsbFnTestClass\src\ioctl.c
drivers\wdm\usb\usbfn\test\UsbFnTestClass\src\usbfntestclass.h
drivers\wdm\usb\usbfn\test\UsbFnTestClass\src\utils.c
drivers\xdv\extensions\inc\delays_arm64.h
drivers\xdv\extensions\stubs\delays_stubs_arm64.c
drivers\xdv\extensions\stubs\timed_stubs_arm64.c
drivers\xdv\rules\group_arm64.c
drivers\xdv\rules\group_arm64.h
drivers\xdv\rules\WrapPtrs_arm64.c
